[0126/203154.184:ERROR:process_memory_win.cc(73)] ReadMemory at 0x13fc80000 of 64 bytes failed: Запрос ReadProcessMemory или WriteProcessMemory был выполнен только частично. (0x12B)
[0126/203156.099:WARNING:pe_image_reader.cc(340)] could not read dos header from C:\Program Files (x86)\Google\Chrome\Application\chrome.exe
[0126/203156.099:ERROR:process_memory_win.cc(73)] ReadMemory at 0x77b10000 of 64 bytes failed: Запрос ReadProcessMemory или WriteProcessMemory был выполнен только частично. (0x12B)
[0126/203156.099:WARNING:pe_image_reader.cc(340)] could not read dos header from C:\Windows\SYSTEM32\ntdll.dll
[0126/203156.100:ERROR:process_memory_win.cc(73)] ReadMemory at 0x778f0000 of 64 bytes failed: Запрос ReadProcessMemory или WriteProcessMemory был выполнен только частично. (0x12B)
[0126/203156.100:WARNING:pe_image_reader.cc(340)] could not read dos header from C:\Windows\system32\kernel32.dll
[0126/203156.100:ERROR:process_memory_win.cc(73)] ReadMemory at 0x7fefdb10000 of 64 bytes failed: Запрос ReadProcessMemory или WriteProcessMemory был выполнен только частично. (0x12B)
[0126/203156.100:WARNING:pe_image_reader.cc(340)] could not read dos header from C:\Windows\system32\KERNELBASE.dll
[0126/203156.100:ERROR:process_memory_win.cc(73)] ReadMemory at 0x7fedeae0000 of 64 bytes failed: Запрос ReadProcessMemory или WriteProcessMemory был выполнен только частично. (0x12B)
[0126/203156.100:WARNING:pe_image_reader.cc(340)] could not read dos header from C:\Program Files (x86)\Google\Chrome\Application\79.0.3945.130\chrome_elf.dll
[0126/203156.100:ERROR:process_memory_win.cc(73)] ReadMemory at 0x7fefcb70000 of 64 bytes failed: Запрос ReadProcessMemory или WriteProcessMemory был выполнен только частично. (0x12B)
[0126/203156.101:WARNING:pe_image_reader.cc(340)] could not read dos header from C:\Windows\system32\VERSION.dll
[0126/203156.101:ERROR:process_memory_win.cc(73)] ReadMemory at 0x7fefde40000 of 64 bytes failed: Запрос ReadProcessMemory или WriteProcessMemory был выполнен только частично. (0x12B)
[0126/203156.101:WARNING:pe_image_reader.cc(340)] could not read dos header from C:\Windows\system32\msvcrt.dll
[0126/203156.101:ERROR:process_memory_win.cc(73)] ReadMemory at 0x7fef2460000 of 64 bytes failed: Запрос ReadProcessMemory или WriteProcessMemory был выполнен только частично. (0x12B)
[0126/203156.101:WARNING:pe_image_reader.cc(340)] could not read dos header from C:\Windows\system32\api-ms-win-core-synch-l1-2-0.DLL
[0126/203156.101:ERROR:process_memory_win.cc(73)] ReadMemory at 0x7fefe270000 of 64 bytes failed: Запрос ReadProcessMemory или WriteProcessMemory был выполнен только частично. (0x12B)
[0126/203156.101:WARNING:pe_image_reader.cc(340)] could not read dos header from C:\Windows\system32\SHELL32.dll
[0126/203156.101:ERROR:process_memory_win.cc(73)] ReadMemory at 0x7feffad0000 of 64 bytes failed: Запрос ReadProcessMemory или WriteProcessMemory был выполнен только частично. (0x12B)
[0126/203156.101:WARNING:pe_image_reader.cc(340)] could not read dos header from C:\Windows\system32\SHLWAPI.dll
[0126/203156.101:ERROR:process_memory_win.cc(73)] ReadMemory at 0x7fefe200000 of 64 bytes failed: Запрос ReadProcessMemory или WriteProcessMemory был выполнен только частично. (0x12B)
[0126/203156.101:WARNING:pe_image_reader.cc(340)] could not read dos header from C:\Windows\system32\GDI32.dll
[0126/203156.101:ERROR:process_memory_win.cc(73)] ReadMemory at 0xdc0000 of 64 bytes failed: Запрос ReadProcessMemory или WriteProcessMemory был выполнен только частично. (0x12B)
[0126/203156.101:WARNING:pe_image_reader.cc(340)] could not read dos header from C:\Windows\system32\USER32.dll
[0126/203156.102:ERROR:process_memory_win.cc(73)] ReadMemory at 0x7feff520000 of 64 bytes failed: Запрос ReadProcessMemory или WriteProcessMemory был выполнен только частично. (0x12B)
[0126/203156.102:WARNING:pe_image_reader.cc(340)] could not read dos header from C:\Windows\system32\LPK.dll
[0126/203156.102:ERROR:process_memory_win.cc(73)] ReadMemory at 0x7fefe080000 of 64 bytes failed: Запрос ReadProcessMemory или WriteProcessMemory был выполнен только частично. (0x12B)
[0126/203156.102:WARNING:pe_image_reader.cc(340)] could not read dos header from C:\Windows\system32\USP10.dll
[0126/203156.102:ERROR:process_memory_win.cc(73)] ReadMemory at 0x7feffbf0000 of 64 bytes failed: Запрос ReadProcessMemory или WriteProcessMemory был выполнен только частично. (0x12B)
[0126/203156.102:WARNING:pe_image_reader.cc(340)] could not read dos header from C:\Windows\system32\IMM32.DLL
[0126/203156.102:ERROR:process_memory_win.cc(73)] ReadMemory at 0x7feff330000 of 64 bytes failed: Запрос ReadProcessMemory или WriteProcessMemory был выполнен только частично. (0x12B)
[0126/203156.102:WARNING:pe_image_reader.cc(340)] could not read dos header from C:\Windows\system32\MSCTF.dll
[0126/203156.102:ERROR:process_memory_win.cc(73)] ReadMemory at 0x7fefdee0000 of 64 bytes failed: Запрос ReadProcessMemory или WriteProcessMemory был выполнен только частично. (0x12B)
[0126/203156.102:WARNING:pe_image_reader.cc(340)] could not read dos header from C:\Windows\system32\ADVAPI32.dll
[0126/203156.102:ERROR:process_memory_win.cc(73)] ReadMemory at 0x7fefdfc0000 of 64 bytes failed: Запрос ReadProcessMemory или WriteProcessMemory был выполнен только частично. (0x12B)
[0126/203156.102:WARNING:pe_image_reader.cc(340)] could not read dos header from C:\Windows\SYSTEM32\sechost.dll
[0126/203156.103:ERROR:process_memory_win.cc(73)] ReadMemory at 0x7feff020000 of 64 bytes failed: Запрос ReadProcessMemory или WriteProcessMemory был выполнен только частично. (0x12B)
[0126/203156.103:WARNING:pe_image_reader.cc(340)] could not read dos header from C:\Windows\system32\RPCRT4.dll
[0126/203156.103:ERROR:process_memory_win.cc(73)] ReadMemory at 0x7fed50b0000 of 64 bytes failed: Запрос ReadProcessMemory или WriteProcessMemory был выполнен только частично. (0x12B)
[0126/203156.103:WARNING:pe_image_reader.cc(340)] could not read dos header from C:\Program Files (x86)\Google\Chrome\Application\79.0.3945.130\chrome_child.dll
[0126/203156.103:ERROR:process_memory_win.cc(73)] ReadMemory at 0x7feff440000 of 64 bytes failed: Запрос ReadProcessMemory или WriteProcessMemory был выполнен только частично. (0x12B)
[0126/203156.103:WARNING:pe_image_reader.cc(340)] could not read dos header from C:\Windows\system32\OLEAUT32.dll
[0126/203156.103:ERROR:process_memory_win.cc(73)] ReadMemory at 0x7feff8c0000 of 64 bytes failed: Запрос ReadProcessMemory или WriteProcessMemory был выполнен только частично. (0x12B)
[0126/203156.103:WARNING:pe_image_reader.cc(340)] could not read dos header from C:\Windows\system32\ole32.dll
[0126/203156.103:ERROR:process_memory_win.cc(73)] ReadMemory at 0x7fefe1b0000 of 64 bytes failed: Запрос ReadProcessMemory или WriteProcessMemory был выполнен только частично. (0x12B)
[0126/203156.103:WARNING:pe_image_reader.cc(340)] could not read dos header from C:\Windows\system32\WS2_32.dll
[0126/203156.103:ERROR:process_memory_win.cc(73)] ReadMemory at 0x7fefde30000 of 64 bytes failed: Запрос ReadProcessMemory или WriteProcessMemory был выполнен только частично. (0x12B)
[0126/203156.103:WARNING:pe_image_reader.cc(340)] could not read dos header from C:\Windows\system32\NSI.dll
[0126/203156.103:ERROR:process_memory_win.cc(73)] ReadMemory at 0x7fefb720000 of 64 bytes failed: Запрос ReadProcessMemory или WriteProcessMemory был выполнен только частично. (0x12B)
[0126/203156.104:WARNING:pe_image_reader.cc(340)] could not read dos header from C:\Windows\system32\IPHLPAPI.DLL
[0126/203156.104:ERROR:process_memory_win.cc(73)] ReadMemory at 0x7fefb710000 of 64 bytes failed: Запрос ReadProcessMemory или WriteProcessMemory был выполнен только частично. (0x12B)
[0126/203156.104:WARNING:pe_image_reader.cc(340)] could not read dos header from C:\Windows\system32\WINNSI.DLL
[0126/203156.104:ERROR:process_memory_win.cc(73)] ReadMemory at 0x7fef4e60000 of 64 bytes failed: Запрос ReadProcessMemory или WriteProcessMemory был выполнен только частично. (0x12B)
[0126/203156.104:WARNING:pe_image_reader.cc(340)] could not read dos header from C:\Windows\system32\WINMM.dll
[0126/203156.104:ERROR:process_memory_win.cc(73)] ReadMemory at 0x7fefddf0000 of 64 bytes failed: Запрос ReadProcessMemory или WriteProcessMemory был выполнен только частично. (0x12B)
[0126/203156.186:WARNING:pe_image_reader.cc(340)] could not read dos header from C:\Windows\system32\WINTRUST.dll
[0126/203156.186:ERROR:process_memory_win.cc(73)] ReadMemory at 0x7fefdbc0000 of 64 bytes failed: Запрос ReadProcessMemory или WriteProcessMemory был выполнен только частично. (0x12B)
[0126/203156.186:WARNING:pe_image_reader.cc(340)] could not read dos header from C:\Windows\system32\CRYPT32.dll
[0126/203156.186:ERROR:process_memory_win.cc(73)] ReadMemory at 0x7fefdb00000 of 64 bytes failed: Запрос ReadProcessMemory или WriteProcessMemory был выполнен только частично. (0x12B)
[0126/203156.187:WARNING:pe_image_reader.cc(340)] could not read dos header from C:\Windows\system32\MSASN1.dll
[0126/203156.187:ERROR:process_memory_win.cc(73)] ReadMemory at 0x7fefcda0000 of 64 bytes failed: Запрос ReadProcessMemory или WriteProcessMemory был выполнен только частично. (0x12B)
[0126/203156.187:WARNING:pe_image_reader.cc(340)] could not read dos header from C:\Windows\system32\USERENV.dll
[0126/203156.187:ERROR:process_memory_win.cc(73)] ReadMemory at 0x7fefda60000 of 64 bytes failed: Запрос ReadProcessMemory или WriteProcessMemory был выполнен только частично. (0x12B)
[0126/203156.187:WARNING:pe_image_reader.cc(340)] could not read dos header from C:\Windows\system32\profapi.dll
[0126/203156.187:ERROR:process_memory_win.cc(73)] ReadMemory at 0x7fee28c0000 of 64 bytes failed: Запрос ReadProcessMemory или WriteProcessMemory был выполнен только частично. (0x12B)
[0126/203156.187:WARNING:pe_image_reader.cc(340)] could not read dos header from C:\Windows\system32\DWrite.dll
[0126/203156.187:ERROR:process_memory_win.cc(73)] ReadMemory at 0x7fefa150000 of 64 bytes failed: Запрос ReadProcessMemory или WriteProcessMemory был выполнен только частично. (0x12B)
[0126/203156.187:WARNING:pe_image_reader.cc(340)] could not read dos header from C:\Windows\system32\WINSPOOL.DRV
[0126/203156.187:ERROR:process_memory_win.cc(73)] ReadMemory at 0x7fef2330000 of 64 bytes failed: Запрос ReadProcessMemory или WriteProcessMemory был выполнен только частично. (0x12B)
[0126/203156.187:WARNING:pe_image_reader.cc(340)] could not read dos header from C:\Windows\system32\dbghelp.dll
[0126/203156.187:ERROR:process_memory_win.cc(73)] ReadMemory at 0x7fefd730000 of 64 bytes failed: Запрос ReadProcessMemory или WriteProcessMemory был выполнен только частично. (0x12B)
[0126/203156.187:WARNING:pe_image_reader.cc(340)] could not read dos header from C:\Windows\system32\Secur32.dll
[0126/203156.187:ERROR:process_memory_win.cc(73)] ReadMemory at 0x7fefd900000 of 64 bytes failed: Запрос ReadProcessMemory или WriteProcessMemory был выполнен только частично. (0x12B)
[0126/203156.188:WARNING:pe_image_reader.cc(340)] could not read dos header from C:\Windows\system32\SSPICLI.DLL
[0126/203156.188:ERROR:process_memory_win.cc(73)] ReadMemory at 0x7fef5f90000 of 64 bytes failed: Запрос ReadProcessMemory или WriteProcessMemory был выполнен только частично. (0x12B)
[0126/203156.188:WARNING:pe_image_reader.cc(340)] could not read dos header from C:\Windows\system32\WINHTTP.dll
[0126/203156.188:ERROR:process_memory_win.cc(73)] ReadMemory at 0x7fef5f20000 of 64 bytes failed: Запрос ReadProcessMemory или WriteProcessMemory был выполнен только частично. (0x12B)
[0126/203156.188:WARNING:pe_image_reader.cc(340)] could not read dos header from C:\Windows\system32\webio.dll
[0126/203156.188:ERROR:process_memory_win.cc(73)] ReadMemory at 0x7fefb500000 of 64 bytes failed: Запрос ReadProcessMemory или WriteProcessMemory был выполнен только частично. (0x12B)
[0126/203156.188:WARNING:pe_image_reader.cc(340)] could not read dos header from C:\Windows\system32\dhcpcsvc.DLL
[0126/203156.188:ERROR:process_memory_win.cc(73)] ReadMemory at 0x7fefd990000 of 64 bytes failed: Запрос ReadProcessMemory или WriteProcessMemory был выполнен только частично. (0x12B)
[0126/203156.188:WARNING:pe_image_reader.cc(340)] could not read dos header from C:\Windows\system32\cryptbase.dll
[0126/203156.188:ERROR:process_memory_win.cc(73)] ReadMemory at 0x7fefc1d0000 of 64 bytes failed: Запрос ReadProcessMemory или WriteProcessMemory был выполнен только частично. (0x12B)
[0126/203156.188:WARNING:pe_image_reader.cc(340)] could not read dos header from C:\Windows\system32\uxtheme.dll
[0126/203156.349:ERROR:process_memory_win.cc(73)] ReadMemory at 0x13fc80000 of 64 bytes failed: Запрос ReadProcessMemory или WriteProcessMemory был выполнен только частично. (0x12B)
[0126/203156.349:WARNING:pe_image_reader.cc(340)] could not read dos header from C:\Program Files (x86)\Google\Chrome\Application\chrome.exe
[0126/203156.349:ERROR:process_memory_win.cc(73)] ReadMemory at 0x13fc80000 of 64 bytes failed: Запрос ReadProcessMemory или WriteProcessMemory был выполнен только частично. (0x12B)
[0126/203156.349:WARNING:pe_image_reader.cc(340)] could not read dos header from C:\Program Files (x86)\Google\Chrome\Application\chrome.exe
[0126/203156.349:ERROR:process_memory_win.cc(73)] ReadMemory at 0x77b10000 of 64 bytes failed: Запрос ReadProcessMemory или WriteProcessMemory был выполнен только частично. (0x12B)
[0126/203156.349:WARNING:pe_image_reader.cc(340)] could not read dos header from C:\Windows\SYSTEM32\ntdll.dll
[0126/203156.349:ERROR:process_memory_win.cc(73)] ReadMemory at 0x77b10000 of 64 bytes failed: Запрос ReadProcessMemory или WriteProcessMemory был выполнен только частично. (0x12B)
[0126/203156.349:WARNING:pe_image_reader.cc(340)] could not read dos header from C:\Windows\SYSTEM32\ntdll.dll
[0126/203156.350:ERROR:process_memory_win.cc(73)] ReadMemory at 0x778f0000 of 64 bytes failed: Запрос ReadProcessMemory или WriteProcessMemory был выполнен только частично. (0x12B)
[0126/203156.350:WARNING:pe_image_reader.cc(340)] could not read dos header from C:\Windows\system32\kernel32.dll
[0126/203156.350:ERROR:process_memory_win.cc(73)] ReadMemory at 0x778f0000 of 64 bytes failed: Запрос ReadProcessMemory или WriteProcessMemory был выполнен только частично. (0x12B)
[0126/203156.350:WARNING:pe_image_reader.cc(340)] could not read dos header from C:\Windows\system32\kernel32.dll
[0126/203156.350:ERROR:process_memory_win.cc(73)] ReadMemory at 0x7fefdb10000 of 64 bytes failed: Запрос ReadProcessMemory или WriteProcessMemory был выполнен только частично. (0x12B)
[0126/203156.350:WARNING:pe_image_reader.cc(340)] could not read dos header from C:\Windows\system32\KERNELBASE.dll
[0126/203156.350:ERROR:process_memory_win.cc(73)] ReadMemory at 0x7fefdb10000 of 64 bytes failed: Запрос ReadProcessMemory или WriteProcessMemory был выполнен только частично. (0x12B)
[0126/203156.350:WARNING:pe_image_reader.cc(340)] could not read dos header from C:\Windows\system32\KERNELBASE.dll
[0126/203156.350:ERROR:process_memory_win.cc(73)] ReadMemory at 0x7fedeae0000 of 64 bytes failed: Запрос ReadProcessMemory или WriteProcessMemory был выполнен только частично. (0x12B)
[0126/203156.350:WARNING:pe_image_reader.cc(340)] could not read dos header from C:\Program Files (x86)\Google\Chrome\Application\79.0.3945.130\chrome_elf.dll
[0126/203156.350:ERROR:process_memory_win.cc(73)] ReadMemory at 0x7fedeae0000 of 64 bytes failed: Запрос ReadProcessMemory или WriteProcessMemory был выполнен только частично. (0x12B)
[0126/203156.350:WARNING:pe_image_reader.cc(340)] could not read dos header from C:\Program Files (x86)\Google\Chrome\Application\79.0.3945.130\chrome_elf.dll
[0126/203156.350:ERROR:process_memory_win.cc(73)] ReadMemory at 0x7fefcb70000 of 64 bytes failed: Запрос ReadProcessMemory или WriteProcessMemory был выполнен только частично. (0x12B)
[0126/203156.350:WARNING:pe_image_reader.cc(340)] could not read dos header from C:\Windows\system32\VERSION.dll
[0126/203156.350:ERROR:process_memory_win.cc(73)] ReadMemory at 0x7fefcb70000 of 64 bytes failed: Запрос ReadProcessMemory или WriteProcessMemory был выполнен только частично. (0x12B)
[0126/203156.351:WARNING:pe_image_reader.cc(340)] could not read dos header from C:\Windows\system32\VERSION.dll
[0126/203156.351:ERROR:process_memory_win.cc(73)] ReadMemory at 0x7fefde40000 of 64 bytes failed: Запрос ReadProcessMemory или WriteProcessMemory был выполнен только частично. (0x12B)
[0126/203156.351:WARNING:pe_image_reader.cc(340)] could not read dos header from C:\Windows\system32\msvcrt.dll
[0126/203156.351:ERROR:process_memory_win.cc(73)] ReadMemory at 0x7fefde40000 of 64 bytes failed: Запрос ReadProcessMemory или WriteProcessMemory был выполнен только частично. (0x12B)
[0126/203156.351:WARNING:pe_image_reader.cc(340)] could not read dos header from C:\Windows\system32\msvcrt.dll
[0126/203156.351:ERROR:process_memory_win.cc(73)] ReadMemory at 0x7fef2460000 of 64 bytes failed: Запрос ReadProcessMemory или WriteProcessMemory был выполнен только частично. (0x12B)
[0126/203156.351:WARNING:pe_image_reader.cc(340)] could not read dos header from C:\Windows\system32\api-ms-win-core-synch-l1-2-0.DLL
[0126/203156.351:ERROR:process_memory_win.cc(73)] ReadMemory at 0x7fef2460000 of 64 bytes failed: Запрос ReadProcessMemory или WriteProcessMemory был выполнен только частично. (0x12B)
[0126/203156.351:WARNING:pe_image_reader.cc(340)] could not read dos header from C:\Windows\system32\api-ms-win-core-synch-l1-2-0.DLL
[0126/203156.351:ERROR:process_memory_win.cc(73)] ReadMemory at 0x7fefe270000 of 64 bytes failed: Запрос ReadProcessMemory или WriteProcessMemory был выполнен только частично. (0x12B)
[0126/203156.351:WARNING:pe_image_reader.cc(340)] could not read dos header from C:\Windows\system32\SHELL32.dll
[0126/203156.351:ERROR:process_memory_win.cc(73)] ReadMemory at 0x7fefe270000 of 64 bytes failed: Запрос ReadProcessMemory или WriteProcessMemory был выполнен только частично. (0x12B)
[0126/203156.351:WARNING:pe_image_reader.cc(340)] could not read dos header from C:\Windows\system32\SHELL32.dll
[0126/203156.352:ERROR:process_memory_win.cc(73)] ReadMemory at 0x7feffad0000 of 64 bytes failed: Запрос ReadProcessMemory или WriteProcessMemory был выполнен только частично. (0x12B)
[0126/203156.352:WARNING:pe_image_reader.cc(340)] could not read dos header from C:\Windows\system32\SHLWAPI.dll
[0126/203156.352:ERROR:process_memory_win.cc(73)] ReadMemory at 0x7feffad0000 of 64 bytes failed: Запрос ReadProcessMemory или WriteProcessMemory был выполнен только частично. (0x12B)
[0126/203156.352:WARNING:pe_image_reader.cc(340)] could not read dos header from C:\Windows\system32\SHLWAPI.dll
[0126/203156.352:ERROR:process_memory_win.cc(73)] ReadMemory at 0x7fefe200000 of 64 bytes failed: Запрос ReadProcessMemory или WriteProcessMemory был выполнен только частично. (0x12B)
[0126/203156.352:WARNING:pe_image_reader.cc(340)] could not read dos header from C:\Windows\system32\GDI32.dll
[0126/203156.352:ERROR:process_memory_win.cc(73)] ReadMemory at 0x7fefe200000 of 64 bytes failed: Запрос ReadProcessMemory или WriteProcessMemory был выполнен только частично. (0x12B)
[0126/203156.352:WARNING:pe_image_reader.cc(340)] could not read dos header from C:\Windows\system32\GDI32.dll
[0126/203156.352:ERROR:process_memory_win.cc(73)] ReadMemory at 0xdc0000 of 64 bytes failed: Запрос ReadProcessMemory или WriteProcessMemory был выполнен только частично. (0x12B)
[0126/203156.352:WARNING:pe_image_reader.cc(340)] could not read dos header from C:\Windows\system32\USER32.dll
[0126/203156.352:ERROR:process_memory_win.cc(73)] ReadMemory at 0xdc0000 of 64 bytes failed: Запрос ReadProcessMemory или WriteProcessMemory был выполнен только частично. (0x12B)
[0126/203156.352:WARNING:pe_image_reader.cc(340)] could not read dos header from C:\Windows\system32\USER32.dll
[0126/203156.352:ERROR:process_memory_win.cc(73)] ReadMemory at 0x7feff520000 of 64 bytes failed: Запрос ReadProcessMemory или WriteProcessMemory был выполнен только частично. (0x12B)
[0126/203156.352:WARNING:pe_image_reader.cc(340)] could not read dos header from C:\Windows\system32\LPK.dll
[0126/203156.352:ERROR:process_memory_win.cc(73)] ReadMemory at 0x7feff520000 of 64 bytes failed: Запрос ReadProcessMemory или WriteProcessMemory был выполнен только частично. (0x12B)
[0126/203156.353:WARNING:pe_image_reader.cc(340)] could not read dos header from C:\Windows\system32\LPK.dll
[0126/203156.353:ERROR:process_memory_win.cc(73)] ReadMemory at 0x7fefe080000 of 64 bytes failed: Запрос ReadProcessMemory или WriteProcessMemory был выполнен только частично. (0x12B)
[0126/203156.353:WARNING:pe_image_reader.cc(340)] could not read dos header from C:\Windows\system32\USP10.dll
[0126/203156.353:ERROR:process_memory_win.cc(73)] ReadMemory at 0x7fefe080000 of 64 bytes failed: Запрос ReadProcessMemory или WriteProcessMemory был выполнен только частично. (0x12B)
[0126/203156.353:WARNING:pe_image_reader.cc(340)] could not read dos header from C:\Windows\system32\USP10.dll
[0126/203156.353:ERROR:process_memory_win.cc(73)] ReadMemory at 0x7feffbf0000 of 64 bytes failed: Запрос ReadProcessMemory или WriteProcessMemory был выполнен только частично. (0x12B)
[0126/203156.353:WARNING:pe_image_reader.cc(340)] could not read dos header from C:\Windows\system32\IMM32.DLL
[0126/203156.353:ERROR:process_memory_win.cc(73)] ReadMemory at 0x7feffbf0000 of 64 bytes failed: Запрос ReadProcessMemory или WriteProcessMemory был выполнен только частично. (0x12B)
[0126/203156.353:WARNING:pe_image_reader.cc(340)] could not read dos header from C:\Windows\system32\IMM32.DLL
[0126/203156.353:ERROR:process_memory_win.cc(73)] ReadMemory at 0x7feff330000 of 64 bytes failed: Запрос ReadProcessMemory или WriteProcessMemory был выполнен только частично. (0x12B)
[0126/203156.353:WARNING:pe_image_reader.cc(340)] could not read dos header from C:\Windows\system32\MSCTF.dll
[0126/203156.353:ERROR:process_memory_win.cc(73)] ReadMemory at 0x7feff330000 of 64 bytes failed: Запрос ReadProcessMemory или WriteProcessMemory был выполнен только частично. (0x12B)
[0126/203156.353:WARNING:pe_image_reader.cc(340)] could not read dos header from C:\Windows\system32\MSCTF.dll
[0126/203156.353:ERROR:process_memory_win.cc(73)] ReadMemory at 0x7fefdee0000 of 64 bytes failed: Запрос ReadProcessMemory или WriteProcessMemory был выполнен только частично. (0x12B)
[0126/203156.354:WARNING:pe_image_reader.cc(340)] could not read dos header from C:\Windows\system32\ADVAPI32.dll
[0126/203156.354:ERROR:process_memory_win.cc(73)] ReadMemory at 0x7fefdee0000 of 64 bytes failed: Запрос ReadProcessMemory или WriteProcessMemory был выполнен только частично. (0x12B)
[0126/203156.354:WARNING:pe_image_reader.cc(340)] could not read dos header from C:\Windows\system32\ADVAPI32.dll
[0126/203156.354:ERROR:process_memory_win.cc(73)] ReadMemory at 0x7fefdfc0000 of 64 bytes failed: Запрос ReadProcessMemory или WriteProcessMemory был выполнен только частично. (0x12B)
[0126/203156.354:WARNING:pe_image_reader.cc(340)] could not read dos header from C:\Windows\SYSTEM32\sechost.dll
[0126/203156.354:ERROR:process_memory_win.cc(73)] ReadMemory at 0x7fefdfc0000 of 64 bytes failed: Запрос ReadProcessMemory или WriteProcessMemory был выполнен только частично. (0x12B)
[0126/203156.354:WARNING:pe_image_reader.cc(340)] could not read dos header from C:\Windows\SYSTEM32\sechost.dll
[0126/203156.354:ERROR:process_memory_win.cc(73)] ReadMemory at 0x7feff020000 of 64 bytes failed: Запрос ReadProcessMemory или WriteProcessMemory был выполнен только частично. (0x12B)
[0126/203156.354:WARNING:pe_image_reader.cc(340)] could not read dos header from C:\Windows\system32\RPCRT4.dll
[0126/203156.354:ERROR:process_memory_win.cc(73)] ReadMemory at 0x7feff020000 of 64 bytes failed: Запрос ReadProcessMemory или WriteProcessMemory был выполнен только частично. (0x12B)
[0126/203156.354:WARNING:pe_image_reader.cc(340)] could not read dos header from C:\Windows\system32\RPCRT4.dll
[0126/203156.354:ERROR:process_memory_win.cc(73)] ReadMemory at 0x7fed50b0000 of 64 bytes failed: Запрос ReadProcessMemory или WriteProcessMemory был выполнен только частично. (0x12B)
[0126/203156.354:WARNING:pe_image_reader.cc(340)] could not read dos header from C:\Program Files (x86)\Google\Chrome\Application\79.0.3945.130\chrome_child.dll
[0126/203156.354:ERROR:process_memory_win.cc(73)] ReadMemory at 0x7fed50b0000 of 64 bytes failed: Запрос ReadProcessMemory или WriteProcessMemory был выполнен только частично. (0x12B)
[0126/203156.354:WARNING:pe_image_reader.cc(340)] could not read dos header from C:\Program Files (x86)\Google\Chrome\Application\79.0.3945.130\chrome_child.dll
[0126/203156.355:ERROR:process_memory_win.cc(73)] ReadMemory at 0x7feff440000 of 64 bytes failed: Запрос ReadProcessMemory или WriteProcessMemory был выполнен только частично. (0x12B)
[0126/203156.355:WARNING:pe_image_reader.cc(340)] could not read dos header from C:\Windows\system32\OLEAUT32.dll
[0126/203156.355:ERROR:process_memory_win.cc(73)] ReadMemory at 0x7feff440000 of 64 bytes failed: Запрос ReadProcessMemory или WriteProcessMemory был выполнен только частично. (0x12B)
[0126/203156.355:WARNING:pe_image_reader.cc(340)] could not read dos header from C:\Windows\system32\OLEAUT32.dll
[0126/203156.355:ERROR:process_memory_win.cc(73)] ReadMemory at 0x7feff8c0000 of 64 bytes failed: Запрос ReadProcessMemory или WriteProcessMemory был выполнен только частично. (0x12B)
[0126/203156.355:WARNING:pe_image_reader.cc(340)] could not read dos header from C:\Windows\system32\ole32.dll
[0126/203156.355:ERROR:process_memory_win.cc(73)] ReadMemory at 0x7feff8c0000 of 64 bytes failed: Запрос ReadProcessMemory или WriteProcessMemory был выполнен только частично. (0x12B)
[0126/203156.355:WARNING:pe_image_reader.cc(340)] could not read dos header from C:\Windows\system32\ole32.dll
[0126/203156.355:ERROR:process_memory_win.cc(73)] ReadMemory at 0x7fefe1b0000 of 64 bytes failed: Запрос ReadProcessMemory или WriteProcessMemory был выполнен только частично. (0x12B)
[0126/203156.355:WARNING:pe_image_reader.cc(340)] could not read dos header from C:\Windows\system32\WS2_32.dll
[0126/203156.355:ERROR:process_memory_win.cc(73)] ReadMemory at 0x7fefe1b0000 of 64 bytes failed: Запрос ReadProcessMemory или WriteProcessMemory был выполнен только частично. (0x12B)
[0126/203156.355:WARNING:pe_image_reader.cc(340)] could not read dos header from C:\Windows\system32\WS2_32.dll
[0126/203156.355:ERROR:process_memory_win.cc(73)] ReadMemory at 0x7fefde30000 of 64 bytes failed: Запрос ReadProcessMemory или WriteProcessMemory был выполнен только частично. (0x12B)
[0126/203156.355:WARNING:pe_image_reader.cc(340)] could not read dos header from C:\Windows\system32\NSI.dll
[0126/203156.356:ERROR:process_memory_win.cc(73)] ReadMemory at 0x7fefde30000 of 64 bytes failed: Запрос ReadProcessMemory или WriteProcessMemory был выполнен только частично. (0x12B)
[0126/203156.356:WARNING:pe_image_reader.cc(340)] could not read dos header from C:\Windows\system32\NSI.dll
[0126/203156.356:ERROR:process_memory_win.cc(73)] ReadMemory at 0x7fefb720000 of 64 bytes failed: Запрос ReadProcessMemory или WriteProcessMemory был выполнен только частично. (0x12B)
[0126/203156.356:WARNING:pe_image_reader.cc(340)] could not read dos header from C:\Windows\system32\IPHLPAPI.DLL
[0126/203156.356:ERROR:process_memory_win.cc(73)] ReadMemory at 0x7fefb720000 of 64 bytes failed: Запрос ReadProcessMemory или WriteProcessMemory был выполнен только частично. (0x12B)
[0126/203156.356:WARNING:pe_image_reader.cc(340)] could not read dos header from C:\Windows\system32\IPHLPAPI.DLL
[0126/203156.356:ERROR:process_memory_win.cc(73)] ReadMemory at 0x7fefb710000 of 64 bytes failed: Запрос ReadProcessMemory или WriteProcessMemory был выполнен только частично. (0x12B)
[0126/203156.356:WARNING:pe_image_reader.cc(340)] could not read dos header from C:\Windows\system32\WINNSI.DLL
[0126/203156.356:ERROR:process_memory_win.cc(73)] ReadMemory at 0x7fefb710000 of 64 bytes failed: Запрос ReadProcessMemory или WriteProcessMemory был выполнен только частично. (0x12B)
[0126/203156.356:WARNING:pe_image_reader.cc(340)] could not read dos header from C:\Windows\system32\WINNSI.DLL
[0126/203156.356:ERROR:process_memory_win.cc(73)] ReadMemory at 0x7fef4e60000 of 64 bytes failed: Запрос ReadProcessMemory или WriteProcessMemory был выполнен только частично. (0x12B)
[0126/203156.356:WARNING:pe_image_reader.cc(340)] could not read dos header from C:\Windows\system32\WINMM.dll
[0126/203156.356:ERROR:process_memory_win.cc(73)] ReadMemory at 0x7fef4e60000 of 64 bytes failed: Запрос ReadProcessMemory или WriteProcessMemory был выполнен только частично. (0x12B)
[0126/203156.356:WARNING:pe_image_reader.cc(340)] could not read dos header from C:\Windows\system32\WINMM.dll
[0126/203156.356:ERROR:process_memory_win.cc(73)] ReadMemory at 0x7fefddf0000 of 64 bytes failed: Запрос ReadProcessMemory или WriteProcessMemory был выполнен только частично. (0x12B)
[0126/203156.357:WARNING:pe_image_reader.cc(340)] could not read dos header from C:\Windows\system32\WINTRUST.dll
[0126/203156.357:ERROR:process_memory_win.cc(73)] ReadMemory at 0x7fefddf0000 of 64 bytes failed: Запрос ReadProcessMemory или WriteProcessMemory был выполнен только частично. (0x12B)
[0126/203156.357:WARNING:pe_image_reader.cc(340)] could not read dos header from C:\Windows\system32\WINTRUST.dll
[0126/203156.357:ERROR:process_memory_win.cc(73)] ReadMemory at 0x7fefdbc0000 of 64 bytes failed: Запрос ReadProcessMemory или WriteProcessMemory был выполнен только частично. (0x12B)
[0126/203156.357:WARNING:pe_image_reader.cc(340)] could not read dos header from C:\Windows\system32\CRYPT32.dll
[0126/203156.357:ERROR:process_memory_win.cc(73)] ReadMemory at 0x7fefdbc0000 of 64 bytes failed: Запрос ReadProcessMemory или WriteProcessMemory был выполнен только частично. (0x12B)
[0126/203156.357:WARNING:pe_image_reader.cc(340)] could not read dos header from C:\Windows\system32\CRYPT32.dll
[0126/203156.357:ERROR:process_memory_win.cc(73)] ReadMemory at 0x7fefdb00000 of 64 bytes failed: Запрос ReadProcessMemory или WriteProcessMemory был выполнен только частично. (0x12B)
[0126/203156.357:WARNING:pe_image_reader.cc(340)] could not read dos header from C:\Windows\system32\MSASN1.dll
[0126/203156.357:ERROR:process_memory_win.cc(73)] ReadMemory at 0x7fefdb00000 of 64 bytes failed: Запрос ReadProcessMemory или WriteProcessMemory был выполнен только частично. (0x12B)
[0126/203156.357:WARNING:pe_image_reader.cc(340)] could not read dos header from C:\Windows\system32\MSASN1.dll
[0126/203156.357:ERROR:process_memory_win.cc(73)] ReadMemory at 0x7fefcda0000 of 64 bytes failed: Запрос ReadProcessMemory или WriteProcessMemory был выполнен только частично. (0x12B)
[0126/203156.357:WARNING:pe_image_reader.cc(340)] could not read dos header from C:\Windows\system32\USERENV.dll
[0126/203156.357:ERROR:process_memory_win.cc(73)] ReadMemory at 0x7fefcda0000 of 64 bytes failed: Запрос ReadProcessMemory или WriteProcessMemory был выполнен только частично. (0x12B)
[0126/203156.357:WARNING:pe_image_reader.cc(340)] could not read dos header from C:\Windows\system32\USERENV.dll
[0126/203156.358:ERROR:process_memory_win.cc(73)] ReadMemory at 0x7fefda60000 of 64 bytes failed: Запрос ReadProcessMemory или WriteProcessMemory был выполнен только частично. (0x12B)
[0126/203156.358:WARNING:pe_image_reader.cc(340)] could not read dos header from C:\Windows\system32\profapi.dll
[0126/203156.358:ERROR:process_memory_win.cc(73)] ReadMemory at 0x7fefda60000 of 64 bytes failed: Запрос ReadProcessMemory или WriteProcessMemory был выполнен только частично. (0x12B)
[0126/203156.358:WARNING:pe_image_reader.cc(340)] could not read dos header from C:\Windows\system32\profapi.dll
[0126/203156.358:ERROR:process_memory_win.cc(73)] ReadMemory at 0x7fee28c0000 of 64 bytes failed: Запрос ReadProcessMemory или WriteProcessMemory был выполнен только частично. (0x12B)
[0126/203156.358:WARNING:pe_image_reader.cc(340)] could not read dos header from C:\Windows\system32\DWrite.dll
[0126/203156.358:ERROR:process_memory_win.cc(73)] ReadMemory at 0x7fee28c0000 of 64 bytes failed: Запрос ReadProcessMemory или WriteProcessMemory был выполнен только частично. (0x12B)
[0126/203156.358:WARNING:pe_image_reader.cc(340)] could not read dos header from C:\Windows\system32\DWrite.dll
[0126/203156.358:ERROR:process_memory_win.cc(73)] ReadMemory at 0x7fefa150000 of 64 bytes failed: Запрос ReadProcessMemory или WriteProcessMemory был выполнен только частично. (0x12B)
[0126/203156.358:WARNING:pe_image_reader.cc(340)] could not read dos header from C:\Windows\system32\WINSPOOL.DRV
[0126/203156.358:ERROR:process_memory_win.cc(73)] ReadMemory at 0x7fefa150000 of 64 bytes failed: Запрос ReadProcessMemory или WriteProcessMemory был выполнен только частично. (0x12B)
[0126/203156.358:WARNING:pe_image_reader.cc(340)] could not read dos header from C:\Windows\system32\WINSPOOL.DRV
[0126/203156.358:ERROR:process_memory_win.cc(73)] ReadMemory at 0x7fef2330000 of 64 bytes failed: Запрос ReadProcessMemory или WriteProcessMemory был выполнен только частично. (0x12B)
[0126/203156.359:WARNING:pe_image_reader.cc(340)] could not read dos header from C:\Windows\system32\dbghelp.dll
[0126/203156.359:ERROR:process_memory_win.cc(73)] ReadMemory at 0x7fef2330000 of 64 bytes failed: Запрос ReadProcessMemory или WriteProcessMemory был выполнен только частично. (0x12B)
[0126/203156.359:WARNING:pe_image_reader.cc(340)] could not read dos header from C:\Windows\system32\dbghelp.dll
[0126/203156.359:ERROR:process_memory_win.cc(73)] ReadMemory at 0x7fefd730000 of 64 bytes failed: Запрос ReadProcessMemory или WriteProcessMemory был выполнен только частично. (0x12B)
[0126/203156.359:WARNING:pe_image_reader.cc(340)] could not read dos header from C:\Windows\system32\Secur32.dll
[0126/203156.359:ERROR:process_memory_win.cc(73)] ReadMemory at 0x7fefd730000 of 64 bytes failed: Запрос ReadProcessMemory или WriteProcessMemory был выполнен только частично. (0x12B)
[0126/203156.359:WARNING:pe_image_reader.cc(340)] could not read dos header from C:\Windows\system32\Secur32.dll
[0126/203156.359:ERROR:process_memory_win.cc(73)] ReadMemory at 0x7fefd900000 of 64 bytes failed: Запрос ReadProcessMemory или WriteProcessMemory был выполнен только частично. (0x12B)
[0126/203156.359:WARNING:pe_image_reader.cc(340)] could not read dos header from C:\Windows\system32\SSPICLI.DLL
[0126/203156.359:ERROR:process_memory_win.cc(73)] ReadMemory at 0x7fefd900000 of 64 bytes failed: Запрос ReadProcessMemory или WriteProcessMemory был выполнен только частично. (0x12B)
[0126/203156.359:WARNING:pe_image_reader.cc(340)] could not read dos header from C:\Windows\system32\SSPICLI.DLL
[0126/203156.359:ERROR:process_memory_win.cc(73)] ReadMemory at 0x7fef5f90000 of 64 bytes failed: Запрос ReadProcessMemory или WriteProcessMemory был выполнен только частично. (0x12B)
[0126/203156.359:WARNING:pe_image_reader.cc(340)] could not read dos header from C:\Windows\system32\WINHTTP.dll
[0126/203156.359:ERROR:process_memory_win.cc(73)] ReadMemory at 0x7fef5f90000 of 64 bytes failed: Запрос ReadProcessMemory или WriteProcessMemory был выполнен только частично. (0x12B)
[0126/203156.359:WARNING:pe_image_reader.cc(340)] could not read dos header from C:\Windows\system32\WINHTTP.dll
[0126/203156.360:ERROR:process_memory_win.cc(73)] ReadMemory at 0x7fef5f20000 of 64 bytes failed: Запрос ReadProcessMemory или WriteProcessMemory был выполнен только частично. (0x12B)
[0126/203156.360:WARNING:pe_image_reader.cc(340)] could not read dos header from C:\Windows\system32\webio.dll
[0126/203156.360:ERROR:process_memory_win.cc(73)] ReadMemory at 0x7fef5f20000 of 64 bytes failed: Запрос ReadProcessMemory или WriteProcessMemory был выполнен только частично. (0x12B)
[0126/203156.360:WARNING:pe_image_reader.cc(340)] could not read dos header from C:\Windows\system32\webio.dll
[0126/203156.360:ERROR:process_memory_win.cc(73)] ReadMemory at 0x7fefb500000 of 64 bytes failed: Запрос ReadProcessMemory или WriteProcessMemory был выполнен только частично. (0x12B)
[0126/203156.360:WARNING:pe_image_reader.cc(340)] could not read dos header from C:\Windows\system32\dhcpcsvc.DLL
[0126/203156.360:ERROR:process_memory_win.cc(73)] ReadMemory at 0x7fefb500000 of 64 bytes failed: Запрос ReadProcessMemory или WriteProcessMemory был выполнен только частично. (0x12B)
[0126/203156.360:WARNING:pe_image_reader.cc(340)] could not read dos header from C:\Windows\system32\dhcpcsvc.DLL
[0126/203156.360:ERROR:process_memory_win.cc(73)] ReadMemory at 0x7fefd990000 of 64 bytes failed: Запрос ReadProcessMemory или WriteProcessMemory был выполнен только частично. (0x12B)
[0126/203156.360:WARNING:pe_image_reader.cc(340)] could not read dos header from C:\Windows\system32\cryptbase.dll
[0126/203156.360:ERROR:process_memory_win.cc(73)] ReadMemory at 0x7fefd990000 of 64 bytes failed: Запрос ReadProcessMemory или WriteProcessMemory был выполнен только частично. (0x12B)
[0126/203156.360:WARNING:pe_image_reader.cc(340)] could not read dos header from C:\Windows\system32\cryptbase.dll
[0126/203156.360:ERROR:process_memory_win.cc(73)] ReadMemory at 0x7fefc1d0000 of 64 bytes failed: Запрос ReadProcessMemory или WriteProcessMemory был выполнен только частично. (0x12B)
[0126/203156.360:WARNING:pe_image_reader.cc(340)] could not read dos header from C:\Windows\system32\uxtheme.dll
[0126/203156.361:ERROR:process_memory_win.cc(73)] ReadMemory at 0x7fefc1d0000 of 64 bytes failed: Запрос ReadProcessMemory или WriteProcessMemory был выполнен только частично. (0x12B)
[0126/203156.361:WARNING:pe_image_reader.cc(340)] could not read dos header from C:\Windows\system32\uxtheme.dll
[0126/203208.533:ERROR:process_memory_win.cc(73)] ReadMemory at 0x13fc80000 of 64 bytes failed: Запрос ReadProcessMemory или WriteProcessMemory был выполнен только частично. (0x12B)
[0126/203208.533:WARNING:pe_image_reader.cc(340)] could not read dos header from C:\Program Files (x86)\Google\Chrome\Application\chrome.exe
[0126/203208.533:ERROR:process_memory_win.cc(73)] ReadMemory at 0x77b10000 of 64 bytes failed: Запрос ReadProcessMemory или WriteProcessMemory был выполнен только частично. (0x12B)
[0126/203208.533:WARNING:pe_image_reader.cc(340)] could not read dos header from C:\Windows\SYSTEM32\ntdll.dll
[0126/203208.533:ERROR:process_memory_win.cc(73)] ReadMemory at 0x778f0000 of 64 bytes failed: Запрос ReadProcessMemory или WriteProcessMemory был выполнен только частично. (0x12B)
[0126/203208.534:WARNING:pe_image_reader.cc(340)] could not read dos header from C:\Windows\system32\kernel32.dll
[0126/203208.534:ERROR:process_memory_win.cc(73)] ReadMemory at 0x7fefdb10000 of 64 bytes failed: Запрос ReadProcessMemory или WriteProcessMemory был выполнен только частично. (0x12B)
[0126/203208.534:WARNING:pe_image_reader.cc(340)] could not read dos header from C:\Windows\system32\KERNELBASE.dll
[0126/203208.534:ERROR:process_memory_win.cc(73)] ReadMemory at 0x7fedeae0000 of 64 bytes failed: Запрос ReadProcessMemory или WriteProcessMemory был выполнен только частично. (0x12B)
[0126/203208.534:WARNING:pe_image_reader.cc(340)] could not read dos header from C:\Program Files (x86)\Google\Chrome\Application\79.0.3945.130\chrome_elf.dll
[0126/203208.534:ERROR:process_memory_win.cc(73)] ReadMemory at 0x7fefcb70000 of 64 bytes failed: Запрос ReadProcessMemory или WriteProcessMemory был выполнен только частично. (0x12B)
[0126/203208.534:WARNING:pe_image_reader.cc(340)] could not read dos header from C:\Windows\system32\VERSION.dll
[0126/203208.534:ERROR:process_memory_win.cc(73)] ReadMemory at 0x7fefde40000 of 64 bytes failed: Запрос ReadProcessMemory или WriteProcessMemory был выполнен только частично. (0x12B)
[0126/203208.534:WARNING:pe_image_reader.cc(340)] could not read dos header from C:\Windows\system32\msvcrt.dll
[0126/203208.534:ERROR:process_memory_win.cc(73)] ReadMemory at 0x7fef2460000 of 64 bytes failed: Запрос ReadProcessMemory или WriteProcessMemory был выполнен только частично. (0x12B)
[0126/203208.534:WARNING:pe_image_reader.cc(340)] could not read dos header from C:\Windows\system32\api-ms-win-core-synch-l1-2-0.DLL
[0126/203208.534:ERROR:process_memory_win.cc(73)] ReadMemory at 0x7fefe270000 of 64 bytes failed: Запрос ReadProcessMemory или WriteProcessMemory был выполнен только частично. (0x12B)
[0126/203208.534:WARNING:pe_image_reader.cc(340)] could not read dos header from C:\Windows\system32\SHELL32.dll
[0126/203208.534:ERROR:process_memory_win.cc(73)] ReadMemory at 0x7feffad0000 of 64 bytes failed: Запрос ReadProcessMemory или WriteProcessMemory был выполнен только частично. (0x12B)
[0126/203208.534:WARNING:pe_image_reader.cc(340)] could not read dos header from C:\Windows\system32\SHLWAPI.dll
[0126/203208.535:ERROR:process_memory_win.cc(73)] ReadMemory at 0x7fefe200000 of 64 bytes failed: Запрос ReadProcessMemory или WriteProcessMemory был выполнен только частично. (0x12B)
[0126/203208.535:WARNING:pe_image_reader.cc(340)] could not read dos header from C:\Windows\system32\GDI32.dll
[0126/203208.535:ERROR:process_memory_win.cc(73)] ReadMemory at 0xdc0000 of 64 bytes failed: Запрос ReadProcessMemory или WriteProcessMemory был выполнен только частично. (0x12B)
[0126/203208.535:WARNING:pe_image_reader.cc(340)] could not read dos header from C:\Windows\system32\USER32.dll
[0126/203208.535:ERROR:process_memory_win.cc(73)] ReadMemory at 0x7feff520000 of 64 bytes failed: Запрос ReadProcessMemory или WriteProcessMemory был выполнен только частично. (0x12B)
[0126/203208.535:WARNING:pe_image_reader.cc(340)] could not read dos header from C:\Windows\system32\LPK.dll
[0126/203208.535:ERROR:process_memory_win.cc(73)] ReadMemory at 0x7fefe080000 of 64 bytes failed: Запрос ReadProcessMemory или WriteProcessMemory был выполнен только частично. (0x12B)
[0126/203208.535:WARNING:pe_image_reader.cc(340)] could not read dos header from C:\Windows\system32\USP10.dll
[0126/203208.535:ERROR:process_memory_win.cc(73)] ReadMemory at 0x7feffbf0000 of 64 bytes failed: Запрос ReadProcessMemory или WriteProcessMemory был выполнен только частично. (0x12B)
[0126/203208.535:WARNING:pe_image_reader.cc(340)] could not read dos header from C:\Windows\system32\IMM32.DLL
[0126/203208.535:ERROR:process_memory_win.cc(73)] ReadMemory at 0x7feff330000 of 64 bytes failed: Запрос ReadProcessMemory или WriteProcessMemory был выполнен только частично. (0x12B)
[0126/203208.535:WARNING:pe_image_reader.cc(340)] could not read dos header from C:\Windows\system32\MSCTF.dll
[0126/203208.535:ERROR:process_memory_win.cc(73)] ReadMemory at 0x7fefdee0000 of 64 bytes failed: Запрос ReadProcessMemory или WriteProcessMemory был выполнен только частично. (0x12B)
[0126/203208.535:WARNING:pe_image_reader.cc(340)] could not read dos header from C:\Windows\system32\ADVAPI32.dll
[0126/203208.536:ERROR:process_memory_win.cc(73)] ReadMemory at 0x7fefdfc0000 of 64 bytes failed: Запрос ReadProcessMemory или WriteProcessMemory был выполнен только частично. (0x12B)
[0126/203208.536:WARNING:pe_image_reader.cc(340)] could not read dos header from C:\Windows\SYSTEM32\sechost.dll
[0126/203208.536:ERROR:process_memory_win.cc(73)] ReadMemory at 0x7feff020000 of 64 bytes failed: Запрос ReadProcessMemory или WriteProcessMemory был выполнен только частично. (0x12B)
[0126/203208.536:WARNING:pe_image_reader.cc(340)] could not read dos header from C:\Windows\system32\RPCRT4.dll
[0126/203208.536:ERROR:process_memory_win.cc(73)] ReadMemory at 0x7fed50b0000 of 64 bytes failed: Запрос ReadProcessMemory или WriteProcessMemory был выполнен только частично. (0x12B)
[0126/203208.536:WARNING:pe_image_reader.cc(340)] could not read dos header from C:\Program Files (x86)\Google\Chrome\Application\79.0.3945.130\chrome_child.dll
[0126/203208.536:ERROR:process_memory_win.cc(73)] ReadMemory at 0x7feff440000 of 64 bytes failed: Запрос ReadProcessMemory или WriteProcessMemory был выполнен только частично. (0x12B)
[0126/203208.536:WARNING:pe_image_reader.cc(340)] could not read dos header from C:\Windows\system32\OLEAUT32.dll
[0126/203208.536:ERROR:process_memory_win.cc(73)] ReadMemory at 0x7feff8c0000 of 64 bytes failed: Запрос ReadProcessMemory или WriteProcessMemory был выполнен только частично. (0x12B)
[0126/203208.536:WARNING:pe_image_reader.cc(340)] could not read dos header from C:\Windows\system32\ole32.dll
[0126/203208.536:ERROR:process_memory_win.cc(73)] ReadMemory at 0x7fefe1b0000 of 64 bytes failed: Запрос ReadProcessMemory или WriteProcessMemory был выполнен только частично. (0x12B)
[0126/203208.536:WARNING:pe_image_reader.cc(340)] could not read dos header from C:\Windows\system32\WS2_32.dll
[0126/203208.536:ERROR:process_memory_win.cc(73)] ReadMemory at 0x7fefde30000 of 64 bytes failed: Запрос ReadProcessMemory или WriteProcessMemory был выполнен только частично. (0x12B)
[0126/203208.536:WARNING:pe_image_reader.cc(340)] could not read dos header from C:\Windows\system32\NSI.dll
[0126/203208.536:ERROR:process_memory_win.cc(73)] ReadMemory at 0x7fefb720000 of 64 bytes failed: Запрос ReadProcessMemory или WriteProcessMemory был выполнен только частично. (0x12B)
[0126/203208.537:WARNING:pe_image_reader.cc(340)] could not read dos header from C:\Windows\system32\IPHLPAPI.DLL
[0126/203208.537:ERROR:process_memory_win.cc(73)] ReadMemory at 0x7fefb710000 of 64 bytes failed: Запрос ReadProcessMemory или WriteProcessMemory был выполнен только частично. (0x12B)
[0126/203208.537:WARNING:pe_image_reader.cc(340)] could not read dos header from C:\Windows\system32\WINNSI.DLL
[0126/203208.537:ERROR:process_memory_win.cc(73)] ReadMemory at 0x7fef4e60000 of 64 bytes failed: Запрос ReadProcessMemory или WriteProcessMemory был выполнен только частично. (0x12B)
[0126/203208.537:WARNING:pe_image_reader.cc(340)] could not read dos header from C:\Windows\system32\WINMM.dll
[0126/203208.537:ERROR:process_memory_win.cc(73)] ReadMemory at 0x7fefddf0000 of 64 bytes failed: Запрос ReadProcessMemory или WriteProcessMemory был выполнен только частично. (0x12B)
[0126/203208.537:WARNING:pe_image_reader.cc(340)] could not read dos header from C:\Windows\system32\WINTRUST.dll
[0126/203208.537:ERROR:process_memory_win.cc(73)] ReadMemory at 0x7fefdbc0000 of 64 bytes failed: Запрос ReadProcessMemory или WriteProcessMemory был выполнен только частично. (0x12B)
[0126/203208.537:WARNING:pe_image_reader.cc(340)] could not read dos header from C:\Windows\system32\CRYPT32.dll
[0126/203208.537:ERROR:process_memory_win.cc(73)] ReadMemory at 0x7fefdb00000 of 64 bytes failed: Запрос ReadProcessMemory или WriteProcessMemory был выполнен только частично. (0x12B)
[0126/203208.537:WARNING:pe_image_reader.cc(340)] could not read dos header from C:\Windows\system32\MSASN1.dll
[0126/203208.537:ERROR:process_memory_win.cc(73)] ReadMemory at 0x7fefcda0000 of 64 bytes failed: Запрос ReadProcessMemory или WriteProcessMemory был выполнен только частично. (0x12B)
[0126/203208.537:WARNING:pe_image_reader.cc(340)] could not read dos header from C:\Windows\system32\USERENV.dll
[0126/203208.537:ERROR:process_memory_win.cc(73)] ReadMemory at 0x7fefda60000 of 64 bytes failed: Запрос ReadProcessMemory или WriteProcessMemory был выполнен только частично. (0x12B)
[0126/203208.537:WARNING:pe_image_reader.cc(340)] could not read dos header from C:\Windows\system32\profapi.dll
[0126/203208.538:ERROR:process_memory_win.cc(73)] ReadMemory at 0x7fee28c0000 of 64 bytes failed: Запрос ReadProcessMemory или WriteProcessMemory был выполнен только частично. (0x12B)
[0126/203208.538:WARNING:pe_image_reader.cc(340)] could not read dos header from C:\Windows\system32\DWrite.dll
[0126/203208.538:ERROR:process_memory_win.cc(73)] ReadMemory at 0x7fefa150000 of 64 bytes failed: Запрос ReadProcessMemory или WriteProcessMemory был выполнен только частично. (0x12B)
[0126/203208.538:WARNING:pe_image_reader.cc(340)] could not read dos header from C:\Windows\system32\WINSPOOL.DRV
[0126/203208.538:ERROR:process_memory_win.cc(73)] ReadMemory at 0x7fef2330000 of 64 bytes failed: Запрос ReadProcessMemory или WriteProcessMemory был выполнен только частично. (0x12B)
[0126/203208.538:WARNING:pe_image_reader.cc(340)] could not read dos header from C:\Windows\system32\dbghelp.dll
[0126/203208.538:ERROR:process_memory_win.cc(73)] ReadMemory at 0x7fefd730000 of 64 bytes failed: Запрос ReadProcessMemory или WriteProcessMemory был выполнен только частично. (0x12B)
[0126/203208.538:WARNING:pe_image_reader.cc(340)] could not read dos header from C:\Windows\system32\Secur32.dll
[0126/203208.538:ERROR:process_memory_win.cc(73)] ReadMemory at 0x7fefd900000 of 64 bytes failed: Запрос ReadProcessMemory или WriteProcessMemory был выполнен только частично. (0x12B)
[0126/203208.538:WARNING:pe_image_reader.cc(340)] could not read dos header from C:\Windows\system32\SSPICLI.DLL
[0126/203208.538:ERROR:process_memory_win.cc(73)] ReadMemory at 0x7fef5f90000 of 64 bytes failed: Запрос ReadProcessMemory или WriteProcessMemory был выполнен только частично. (0x12B)
[0126/203208.538:WARNING:pe_image_reader.cc(340)] could not read dos header from C:\Windows\system32\WINHTTP.dll
[0126/203208.538:ERROR:process_memory_win.cc(73)] ReadMemory at 0x7fef5f20000 of 64 bytes failed: Запрос ReadProcessMemory или WriteProcessMemory был выполнен только частично. (0x12B)
[0126/203208.538:WARNING:pe_image_reader.cc(340)] could not read dos header from C:\Windows\system32\webio.dll
[0126/203208.538:ERROR:process_memory_win.cc(73)] ReadMemory at 0x7fefb500000 of 64 bytes failed: Запрос ReadProcessMemory или WriteProcessMemory был выполнен только частично. (0x12B)
[0126/203208.539:WARNING:pe_image_reader.cc(340)] could not read dos header from C:\Windows\system32\dhcpcsvc.DLL
[0126/203208.539:ERROR:process_memory_win.cc(73)] ReadMemory at 0x7fefd990000 of 64 bytes failed: Запрос ReadProcessMemory или WriteProcessMemory был выполнен только частично. (0x12B)
[0126/203208.539:WARNING:pe_image_reader.cc(340)] could not read dos header from C:\Windows\system32\cryptbase.dll
[0126/203208.539:ERROR:process_memory_win.cc(73)] ReadMemory at 0x7fefc1d0000 of 64 bytes failed: Запрос ReadProcessMemory или WriteProcessMemory был выполнен только частично. (0x12B)
[0126/203208.539:WARNING:pe_image_reader.cc(340)] could not read dos header from C:\Windows\system32\uxtheme.dll
[0126/203208.539:ERROR:process_memory_win.cc(73)] ReadMemory at 0x13fc80000 of 64 bytes failed: Запрос ReadProcessMemory или WriteProcessMemory был выполнен только частично. (0x12B)
[0126/203208.539:WARNING:pe_image_reader.cc(340)] could not read dos header from C:\Program Files (x86)\Google\Chrome\Application\chrome.exe
[0126/203208.539:ERROR:process_memory_win.cc(73)] ReadMemory at 0x77b10000 of 64 bytes failed: Запрос ReadProcessMemory или WriteProcessMemory был выполнен только частично. (0x12B)
[0126/203208.539:WARNING:pe_image_reader.cc(340)] could not read dos header from C:\Windows\SYSTEM32\ntdll.dll
[0126/203208.539:ERROR:process_memory_win.cc(73)] ReadMemory at 0x778f0000 of 64 bytes failed: Запрос ReadProcessMemory или WriteProcessMemory был выполнен только частично. (0x12B)
[0126/203208.539:WARNING:pe_image_reader.cc(340)] could not read dos header from C:\Windows\system32\kernel32.dll
[0126/203208.539:ERROR:process_memory_win.cc(73)] ReadMemory at 0x7fefdb10000 of 64 bytes failed: Запрос ReadProcessMemory или WriteProcessMemory был выполнен только частично. (0x12B)
[0126/203208.539:WARNING:pe_image_reader.cc(340)] could not read dos header from C:\Windows\system32\KERNELBASE.dll
[0126/203208.539:ERROR:process_memory_win.cc(73)] ReadMemory at 0x7fedeae0000 of 64 bytes failed: Запрос ReadProcessMemory или WriteProcessMemory был выполнен только частично. (0x12B)
[0126/203208.539:WARNING:pe_image_reader.cc(340)] could not read dos header from C:\Program Files (x86)\Google\Chrome\Application\79.0.3945.130\chrome_elf.dll
[0126/203208.540:ERROR:process_memory_win.cc(73)] ReadMemory at 0x7fefcb70000 of 64 bytes failed: Запрос ReadProcessMemory или WriteProcessMemory был выполнен только частично. (0x12B)
[0126/203208.540:WARNING:pe_image_reader.cc(340)] could not read dos header from C:\Windows\system32\VERSION.dll
[0126/203208.540:ERROR:process_memory_win.cc(73)] ReadMemory at 0x7fefde40000 of 64 bytes failed: Запрос ReadProcessMemory или WriteProcessMemory был выполнен только частично. (0x12B)
[0126/203208.540:WARNING:pe_image_reader.cc(340)] could not read dos header from C:\Windows\system32\msvcrt.dll
[0126/203208.540:ERROR:process_memory_win.cc(73)] ReadMemory at 0x7fef2460000 of 64 bytes failed: Запрос ReadProcessMemory или WriteProcessMemory был выполнен только частично. (0x12B)
[0126/203208.540:WARNING:pe_image_reader.cc(340)] could not read dos header from C:\Windows\system32\api-ms-win-core-synch-l1-2-0.DLL
[0126/203208.540:ERROR:process_memory_win.cc(73)] ReadMemory at 0x7fefe270000 of 64 bytes failed: Запрос ReadProcessMemory или WriteProcessMemory был выполнен только частично. (0x12B)
[0126/203208.540:WARNING:pe_image_reader.cc(340)] could not read dos header from C:\Windows\system32\SHELL32.dll
[0126/203208.540:ERROR:process_memory_win.cc(73)] ReadMemory at 0x7feffad0000 of 64 bytes failed: Запрос ReadProcessMemory или WriteProcessMemory был выполнен только частично. (0x12B)
[0126/203208.540:WARNING:pe_image_reader.cc(340)] could not read dos header from C:\Windows\system32\SHLWAPI.dll
[0126/203208.540:ERROR:process_memory_win.cc(73)] ReadMemory at 0x7fefe200000 of 64 bytes failed: Запрос ReadProcessMemory или WriteProcessMemory был выполнен только частично. (0x12B)
[0126/203208.540:WARNING:pe_image_reader.cc(340)] could not read dos header from C:\Windows\system32\GDI32.dll
[0126/203208.540:ERROR:process_memory_win.cc(73)] ReadMemory at 0xdc0000 of 64 bytes failed: Запрос ReadProcessMemory или WriteProcessMemory был выполнен только частично. (0x12B)
[0126/203208.540:WARNING:pe_image_reader.cc(340)] could not read dos header from C:\Windows\system32\USER32.dll
[0126/203208.540:ERROR:process_memory_win.cc(73)] ReadMemory at 0x7feff520000 of 64 bytes failed: Запрос ReadProcessMemory или WriteProcessMemory был выполнен только частично. (0x12B)
[0126/203208.541:WARNING:pe_image_reader.cc(340)] could not read dos header from C:\Windows\system32\LPK.dll
[0126/203208.541:ERROR:process_memory_win.cc(73)] ReadMemory at 0x7fefe080000 of 64 bytes failed: Запрос ReadProcessMemory или WriteProcessMemory был выполнен только частично. (0x12B)
[0126/203208.541:WARNING:pe_image_reader.cc(340)] could not read dos header from C:\Windows\system32\USP10.dll
[0126/203208.541:ERROR:process_memory_win.cc(73)] ReadMemory at 0x7feffbf0000 of 64 bytes failed: Запрос ReadProcessMemory или WriteProcessMemory был выполнен только частично. (0x12B)
[0126/203208.541:WARNING:pe_image_reader.cc(340)] could not read dos header from C:\Windows\system32\IMM32.DLL
[0126/203208.541:ERROR:process_memory_win.cc(73)] ReadMemory at 0x7feff330000 of 64 bytes failed: Запрос ReadProcessMemory или WriteProcessMemory был выполнен только частично. (0x12B)
[0126/203208.541:WARNING:pe_image_reader.cc(340)] could not read dos header from C:\Windows\system32\MSCTF.dll
[0126/203208.541:ERROR:process_memory_win.cc(73)] ReadMemory at 0x7fefdee0000 of 64 bytes failed: Запрос ReadProcessMemory или WriteProcessMemory был выполнен только частично. (0x12B)
[0126/203208.541:WARNING:pe_image_reader.cc(340)] could not read dos header from C:\Windows\system32\ADVAPI32.dll
[0126/203208.541:ERROR:process_memory_win.cc(73)] ReadMemory at 0x7fefdfc0000 of 64 bytes failed: Запрос ReadProcessMemory или WriteProcessMemory был выполнен только частично. (0x12B)
[0126/203208.541:WARNING:pe_image_reader.cc(340)] could not read dos header from C:\Windows\SYSTEM32\sechost.dll
[0126/203208.541:ERROR:process_memory_win.cc(73)] ReadMemory at 0x7feff020000 of 64 bytes failed: Запрос ReadProcessMemory или WriteProcessMemory был выполнен только частично. (0x12B)
[0126/203208.541:WARNING:pe_image_reader.cc(340)] could not read dos header from C:\Windows\system32\RPCRT4.dll
[0126/203208.541:ERROR:process_memory_win.cc(73)] ReadMemory at 0x7fed50b0000 of 64 bytes failed: Запрос ReadProcessMemory или WriteProcessMemory был выполнен только частично. (0x12B)
[0126/203208.542:WARNING:pe_image_reader.cc(340)] could not read dos header from C:\Program Files (x86)\Google\Chrome\Application\79.0.3945.130\chrome_child.dll
[0126/203208.542:ERROR:process_memory_win.cc(73)] ReadMemory at 0x7feff440000 of 64 bytes failed: Запрос ReadProcessMemory или WriteProcessMemory был выполнен только частично. (0x12B)
[0126/203208.542:WARNING:pe_image_reader.cc(340)] could not read dos header from C:\Windows\system32\OLEAUT32.dll
[0126/203208.542:ERROR:process_memory_win.cc(73)] ReadMemory at 0x7feff8c0000 of 64 bytes failed: Запрос ReadProcessMemory или WriteProcessMemory был выполнен только частично. (0x12B)
[0126/203208.542:WARNING:pe_image_reader.cc(340)] could not read dos header from C:\Windows\system32\ole32.dll
[0126/203208.542:ERROR:process_memory_win.cc(73)] ReadMemory at 0x7fefe1b0000 of 64 bytes failed: Запрос ReadProcessMemory или WriteProcessMemory был выполнен только частично. (0x12B)
[0126/203208.542:WARNING:pe_image_reader.cc(340)] could not read dos header from C:\Windows\system32\WS2_32.dll
[0126/203208.542:ERROR:process_memory_win.cc(73)] ReadMemory at 0x7fefde30000 of 64 bytes failed: Запрос ReadProcessMemory или WriteProcessMemory был выполнен только частично. (0x12B)
[0126/203208.542:WARNING:pe_image_reader.cc(340)] could not read dos header from C:\Windows\system32\NSI.dll
[0126/203208.542:ERROR:process_memory_win.cc(73)] ReadMemory at 0x7fefb720000 of 64 bytes failed: Запрос ReadProcessMemory или WriteProcessMemory был выполнен только частично. (0x12B)
[0126/203208.542:WARNING:pe_image_reader.cc(340)] could not read dos header from C:\Windows\system32\IPHLPAPI.DLL
[0126/203208.542:ERROR:process_memory_win.cc(73)] ReadMemory at 0x7fefb710000 of 64 bytes failed: Запрос ReadProcessMemory или WriteProcessMemory был выполнен только частично. (0x12B)
[0126/203208.542:WARNING:pe_image_reader.cc(340)] could not read dos header from C:\Windows\system32\WINNSI.DLL
[0126/203208.542:ERROR:process_memory_win.cc(73)] ReadMemory at 0x7fef4e60000 of 64 bytes failed: Запрос ReadProcessMemory или WriteProcessMemory был выполнен только частично. (0x12B)
[0126/203208.542:WARNING:pe_image_reader.cc(340)] could not read dos header from C:\Windows\system32\WINMM.dll
[0126/203208.543:ERROR:process_memory_win.cc(73)] ReadMemory at 0x7fefddf0000 of 64 bytes failed: Запрос ReadProcessMemory или WriteProcessMemory был выполнен только частично. (0x12B)
[0126/203208.543:WARNING:pe_image_reader.cc(340)] could not read dos header from C:\Windows\system32\WINTRUST.dll
[0126/203208.543:ERROR:process_memory_win.cc(73)] ReadMemory at 0x7fefdbc0000 of 64 bytes failed: Запрос ReadProcessMemory или WriteProcessMemory был выполнен только частично. (0x12B)
[0126/203208.543:WARNING:pe_image_reader.cc(340)] could not read dos header from C:\Windows\system32\CRYPT32.dll
[0126/203208.543:ERROR:process_memory_win.cc(73)] ReadMemory at 0x7fefdb00000 of 64 bytes failed: Запрос ReadProcessMemory или WriteProcessMemory был выполнен только частично. (0x12B)
[0126/203208.543:WARNING:pe_image_reader.cc(340)] could not read dos header from C:\Windows\system32\MSASN1.dll
[0126/203208.543:ERROR:process_memory_win.cc(73)] ReadMemory at 0x7fefcda0000 of 64 bytes failed: Запрос ReadProcessMemory или WriteProcessMemory был выполнен только частично. (0x12B)
[0126/203208.543:WARNING:pe_image_reader.cc(340)] could not read dos header from C:\Windows\system32\USERENV.dll
[0126/203208.543:ERROR:process_memory_win.cc(73)] ReadMemory at 0x7fefda60000 of 64 bytes failed: Запрос ReadProcessMemory или WriteProcessMemory был выполнен только частично. (0x12B)
[0126/203208.543:WARNING:pe_image_reader.cc(340)] could not read dos header from C:\Windows\system32\profapi.dll
[0126/203208.543:ERROR:process_memory_win.cc(73)] ReadMemory at 0x7fee28c0000 of 64 bytes failed: Запрос ReadProcessMemory или WriteProcessMemory был выполнен только частично. (0x12B)
[0126/203208.543:WARNING:pe_image_reader.cc(340)] could not read dos header from C:\Windows\system32\DWrite.dll
[0126/203208.543:ERROR:process_memory_win.cc(73)] ReadMemory at 0x7fefa150000 of 64 bytes failed: Запрос ReadProcessMemory или WriteProcessMemory был выполнен только частично. (0x12B)
[0126/203208.543:WARNING:pe_image_reader.cc(340)] could not read dos header from C:\Windows\system32\WINSPOOL.DRV
[0126/203208.543:ERROR:process_memory_win.cc(73)] ReadMemory at 0x7fef2330000 of 64 bytes failed: Запрос ReadProcessMemory или WriteProcessMemory был выполнен только частично. (0x12B)
[0126/203208.544:WARNING:pe_image_reader.cc(340)] could not read dos header from C:\Windows\system32\dbghelp.dll
[0126/203208.544:ERROR:process_memory_win.cc(73)] ReadMemory at 0x7fefd730000 of 64 bytes failed: Запрос ReadProcessMemory или WriteProcessMemory был выполнен только частично. (0x12B)
[0126/203208.544:WARNING:pe_image_reader.cc(340)] could not read dos header from C:\Windows\system32\Secur32.dll
[0126/203208.544:ERROR:process_memory_win.cc(73)] ReadMemory at 0x7fefd900000 of 64 bytes failed: Запрос ReadProcessMemory или WriteProcessMemory был выполнен только частично. (0x12B)
[0126/203208.544:WARNING:pe_image_reader.cc(340)] could not read dos header from C:\Windows\system32\SSPICLI.DLL
[0126/203208.544:ERROR:process_memory_win.cc(73)] ReadMemory at 0x7fef5f90000 of 64 bytes failed: Запрос ReadProcessMemory или WriteProcessMemory был выполнен только частично. (0x12B)
[0126/203208.544:WARNING:pe_image_reader.cc(340)] could not read dos header from C:\Windows\system32\WINHTTP.dll
[0126/203208.544:ERROR:process_memory_win.cc(73)] ReadMemory at 0x7fef5f20000 of 64 bytes failed: Запрос ReadProcessMemory или WriteProcessMemory был выполнен только частично. (0x12B)
[0126/203208.544:WARNING:pe_image_reader.cc(340)] could not read dos header from C:\Windows\system32\webio.dll
[0126/203208.544:ERROR:process_memory_win.cc(73)] ReadMemory at 0x7fefb500000 of 64 bytes failed: Запрос ReadProcessMemory или WriteProcessMemory был выполнен только частично. (0x12B)
[0126/203208.544:WARNING:pe_image_reader.cc(340)] could not read dos header from C:\Windows\system32\dhcpcsvc.DLL
[0126/203208.544:ERROR:process_memory_win.cc(73)] ReadMemory at 0x7fefd990000 of 64 bytes failed: Запрос ReadProcessMemory или WriteProcessMemory был выполнен только частично. (0x12B)
[0126/203208.544:WARNING:pe_image_reader.cc(340)] could not read dos header from C:\Windows\system32\cryptbase.dll
[0126/203208.544:ERROR:process_memory_win.cc(73)] ReadMemory at 0x7fefc1d0000 of 64 bytes failed: Запрос ReadProcessMemory или WriteProcessMemory был выполнен только частично. (0x12B)
[0126/203208.544:WARNING:pe_image_reader.cc(340)] could not read dos header from C:\Windows\system32\uxtheme.dll
[0126/203209.561:ERROR:process_memory_win.cc(73)] ReadMemory at 0x8f6000 of 40960 bytes failed: Запрос ReadProcessMemory или WriteProcessMemory был выполнен только частично. (0x12B)
[0126/203209.562:ERROR:process_memory_win.cc(73)] ReadMemory at 0x3f8d000 of 12288 bytes failed: Запрос ReadProcessMemory или WriteProcessMemory был выполнен только частично. (0x12B)
[0126/203209.747:ERROR:process_memory_win.cc(73)] ReadMemory at 0x4825000 of 45056 bytes failed: Запрос ReadProcessMemory или WriteProcessMemory был выполнен только частично. (0x12B)
[0126/203209.747:ERROR:process_memory_win.cc(73)] ReadMemory at 0x518d000 of 12288 bytes failed: Запрос ReadProcessMemory или WriteProcessMemory был выполнен только частично. (0x12B)
[0126/203209.748:ERROR:process_memory_win.cc(73)] ReadMemory at 0x5a4b000 of 20480 bytes failed: Запрос ReadProcessMemory или WriteProcessMemory был выполнен только частично. (0x12B)
[0126/203209.764:ERROR:process_memory_win.cc(73)] ReadMemory at 0x643f000 of 4096 bytes failed: Запрос ReadProcessMemory или WriteProcessMemory был выполнен только частично. (0x12B)
[0126/203209.764:ERROR:process_memory_win.cc(73)] ReadMemory at 0x6d3e000 of 8192 bytes failed: Запрос ReadProcessMemory или WriteProcessMemory был выполнен только частично. (0x12B)
[0126/203209.764:ERROR:process_memory_win.cc(73)] ReadMemory at 0x76bc000 of 16384 bytes failed: Запрос ReadProcessMemory или WriteProcessMemory был выполнен только частично. (0x12B)
[0126/203209.764:ERROR:process_memory_win.cc(73)] ReadMemory at 0x828c000 of 16384 bytes failed: Запрос ReadProcessMemory или WriteProcessMemory был выполнен только частично. (0x12B)
[0126/203209.765:ERROR:process_memory_win.cc(73)] ReadMemory at 0x933c000 of 16384 bytes failed: Запрос ReadProcessMemory или WriteProcessMemory был выполнен только частично. (0x12B)
[0126/203209.765:ERROR:process_memory_win.cc(73)] ReadMemory at 0x9c0d000 of 12288 bytes failed: Запрос ReadProcessMemory или WriteProcessMemory был выполнен только частично. (0x12B)
[0126/203209.766:ERROR:process_memory_win.cc(73)] ReadMemory at 0xa57d000 of 12288 bytes failed: Запрос ReadProcessMemory или WriteProcessMemory был выполнен только частично. (0x12B)
[0126/203209.766:ERROR:process_memory_win.cc(73)] ReadMemory at 0xaf7d000 of 12288 bytes failed: Запрос ReadProcessMemory или WriteProcessMemory был выполнен только частично. (0x12B)
[0126/203209.766:ERROR:process_memory_win.cc(73)] ReadMemory at 0xb7fa000 of 24576 bytes failed: Запрос ReadProcessMemory или WriteProcessMemory был выполнен только частично. (0x12B)
[0126/203209.766:ERROR:process_memory_win.cc(73)] ReadMemory at 0xc04c000 of 16384 bytes failed: Запрос ReadProcessMemory или WriteProcessMemory был выполнен только частично. (0x12B)
[0126/203209.767:ERROR:process_memory_win.cc(73)] ReadMemory at 0x1192e000 of 8192 bytes failed: Запрос ReadProcessMemory или WriteProcessMemory был выполнен только частично. (0x12B)
[0126/203209.965:ERROR:process_memory_win.cc(73)] ReadMemory at 0x971320 of 15396 bytes failed: Запрос ReadProcessMemory или WriteProcessMemory был выполнен только частично. (0x12B)
[0126/203209.965:ERROR:process_memory_win.cc(73)] ReadMemory at 0x974f50 of 1012 bytes failed: Запрос ReadProcessMemory или WriteProcessMemory был выполнен только частично. (0x12B)
[0126/203209.965:ERROR:process_memory_win.cc(73)] ReadMemory at 0x975558 of 2108 bytes failed: Запрос ReadProcessMemory или WriteProcessMemory был выполнен только частично. (0x12B)
[0126/203209.966:ERROR:process_memory_win.cc(73)] ReadMemory at 0x975d96 of 118 bytes failed: Запрос ReadProcessMemory или WriteProcessMemory был выполнен только частично. (0x12B)
[0126/203209.966:ERROR:process_memory_win.cc(73)] ReadMemory at 0x975e0e of 974 bytes failed: Запрос ReadProcessMemory или WriteProcessMemory был выполнен только частично. (0x12B)
[0126/203209.966:ERROR:process_memory_win.cc(73)] ReadMemory at 0x9761de of 118 bytes failed: Запрос ReadProcessMemory или WriteProcessMemory был выполнен только частично. (0x12B)
[0126/203210.108:ERROR:process_memory_win.cc(73)] ReadMemory at 0x976256 of 96 bytes failed: Запрос ReadProcessMemory или WriteProcessMemory был выполнен только частично. (0x12B)
[0126/203210.122:ERROR:process_memory_win.cc(73)] ReadMemory at 0x9762d0 of 58 bytes failed: Запрос ReadProcessMemory или WriteProcessMemory был выполнен только частично. (0x12B)
[0126/203210.122:ERROR:process_memory_win.cc(73)] ReadMemory at 0x976360 of 132 bytes failed: Запрос ReadProcessMemory или WriteProcessMemory был выполнен только частично. (0x12B)
[0126/203210.122:ERROR:process_memory_win.cc(73)] ReadMemory at 0x976450 of 132 bytes failed: Запрос ReadProcessMemory или WriteProcessMemory был выполнен только частично. (0x12B)
[0126/203210.122:ERROR:process_memory_win.cc(73)] ReadMemory at 0x976568 of 126 bytes failed: Запрос ReadProcessMemory или WriteProcessMemory был выполнен только частично. (0x12B)
[0126/203210.122:ERROR:process_memory_win.cc(73)] ReadMemory at 0x976850 of 64 bytes failed: Запрос ReadProcessMemory или WriteProcessMemory был выполнен только частично. (0x12B)
[0126/203210.122:ERROR:process_memory_win.cc(73)] ReadMemory at 0x9768a0 of 132 bytes failed: Запрос ReadProcessMemory или WriteProcessMemory был выполнен только частично. (0x12B)
[0126/203210.182:ERROR:process_memory_win.cc(73)] ReadMemory at 0x9769c0 of 68 bytes failed: Запрос ReadProcessMemory или WriteProcessMemory был выполнен только частично. (0x12B)
[0126/203210.182:ERROR:process_memory_win.cc(73)] ReadMemory at 0x976a10 of 132 bytes failed: Запрос ReadProcessMemory или WriteProcessMemory был выполнен только частично. (0x12B)
[0126/203210.182:ERROR:process_memory_win.cc(73)] ReadMemory at 0x977be0 of 154 bytes failed: Запрос ReadProcessMemory или WriteProcessMemory был выполнен только частично. (0x12B)
[0126/203210.182:ERROR:process_memory_win.cc(73)] ReadMemory at 0x977c90 of 132 bytes failed: Запрос ReadProcessMemory или WriteProcessMemory был выполнен только частично. (0x12B)
[0126/203210.183:ERROR:process_memory_win.cc(73)] ReadMemory at 0x978410 of 60 bytes failed: Запрос ReadProcessMemory или WriteProcessMemory был выполнен только частично. (0x12B)
[0126/203210.183:ERROR:process_memory_win.cc(73)] ReadMemory at 0x978460 of 132 bytes failed: Запрос ReadProcessMemory или WriteProcessMemory был выполнен только частично. (0x12B)
[0126/203210.183:ERROR:process_memory_win.cc(73)] ReadMemory at 0x9786e0 of 62 bytes failed: Запрос ReadProcessMemory или WriteProcessMemory был выполнен только частично. (0x12B)
[0126/203210.183:ERROR:process_memory_win.cc(73)] ReadMemory at 0x978730 of 132 bytes failed: Запрос ReadProcessMemory или WriteProcessMemory был выполнен только частично. (0x12B)
[0126/203210.183:ERROR:process_memory_win.cc(73)] ReadMemory at 0x9b3560 of 62 bytes failed: Запрос ReadProcessMemory или WriteProcessMemory был выполнен только частично. (0x12B)
[0126/203210.183:ERROR:process_memory_win.cc(73)] ReadMemory at 0x9b35b0 of 132 bytes failed: Запрос ReadProcessMemory или WriteProcessMemory был выполнен только частично. (0x12B)
[0126/203210.183:ERROR:process_memory_win.cc(73)] ReadMemory at 0x9b36a0 of 62 bytes failed: Запрос ReadProcessMemory или WriteProcessMemory был выполнен только частично. (0x12B)
[0126/203210.183:ERROR:process_memory_win.cc(73)] ReadMemory at 0x9b36f0 of 58 bytes failed: Запрос ReadProcessMemory или WriteProcessMemory был выполнен только частично. (0x12B)
[0126/203210.184:ERROR:process_memory_win.cc(73)] ReadMemory at 0x9b3750 of 104 bytes failed: Запрос ReadProcessMemory или WriteProcessMemory был выполнен только частично. (0x12B)
[0126/203210.184:ERROR:process_memory_win.cc(73)] ReadMemory at 0x9b37d0 of 132 bytes failed: Запрос ReadProcessMemory или WriteProcessMemory был выполнен только частично. (0x12B)
[0126/203210.184:ERROR:process_memory_win.cc(73)] ReadMemory at 0x9b6f70 of 54 bytes failed: Запрос ReadProcessMemory или WriteProcessMemory был выполнен только частично. (0x12B)
[0126/203210.184:ERROR:process_memory_win.cc(73)] ReadMemory at 0x9b7940 of 132 bytes failed: Запрос ReadProcessMemory или WriteProcessMemory был выполнен только частично. (0x12B)
[0126/203210.184:ERROR:process_memory_win.cc(73)] ReadMemory at 0x9b7a30 of 132 bytes failed: Запрос ReadProcessMemory или WriteProcessMemory был выполнен только частично. (0x12B)
[0126/203210.184:ERROR:process_memory_win.cc(73)] ReadMemory at 0x9b7b20 of 60 bytes failed: Запрос ReadProcessMemory или WriteProcessMemory был выполнен только частично. (0x12B)
[0126/203210.184:ERROR:process_memory_win.cc(73)] ReadMemory at 0x9b7b70 of 132 bytes failed: Запрос ReadProcessMemory или WriteProcessMemory был выполнен только частично. (0x12B)
[0126/203210.184:ERROR:process_memory_win.cc(73)] ReadMemory at 0x9b7c60 of 132 bytes failed: Запрос ReadProcessMemory или WriteProcessMemory был выполнен только частично. (0x12B)
[0126/203210.185:ERROR:process_memory_win.cc(73)] ReadMemory at 0x9b7d50 of 58 bytes failed: Запрос ReadProcessMemory или WriteProcessMemory был выполнен только частично. (0x12B)
[0126/203210.185:ERROR:process_memory_win.cc(73)] ReadMemory at 0x9b7da0 of 132 bytes failed: Запрос ReadProcessMemory или WriteProcessMemory был выполнен только частично. (0x12B)
[0126/203210.185:ERROR:process_memory_win.cc(73)] ReadMemory at 0x9b7e90 of 132 bytes failed: Запрос ReadProcessMemory или WriteProcessMemory был выполнен только частично. (0x12B)
[0126/203210.185:ERROR:process_memory_win.cc(73)] ReadMemory at 0x9b8950 of 58 bytes failed: Запрос ReadProcessMemory или WriteProcessMemory был выполнен только частично. (0x12B)
[0126/203210.185:ERROR:process_memory_win.cc(73)] ReadMemory at 0x9b89a0 of 58 bytes failed: Запрос ReadProcessMemory или WriteProcessMemory был выполнен только частично. (0x12B)
[0126/203210.185:ERROR:process_memory_win.cc(73)] ReadMemory at 0x9b89f0 of 64 bytes failed: Запрос ReadProcessMemory или WriteProcessMemory был выполнен только частично. (0x12B)
[0126/203210.254:ERROR:process_memory_win.cc(73)] ReadMemory at 0x9b8a40 of 62 bytes failed: Запрос ReadProcessMemory или WriteProcessMemory был выполнен только частично. (0x12B)
[0126/203210.255:ERROR:process_memory_win.cc(73)] ReadMemory at 0x9b8a90 of 60 bytes failed: Запрос ReadProcessMemory или WriteProcessMemory был выполнен только частично. (0x12B)
[0126/203210.255:ERROR:process_memory_win.cc(73)] ReadMemory at 0x9b8ae0 of 64 bytes failed: Запрос ReadProcessMemory или WriteProcessMemory был выполнен только частично. (0x12B)
[0126/203210.255:ERROR:process_memory_win.cc(73)] ReadMemory at 0x9b8b30 of 58 bytes failed: Запрос ReadProcessMemory или WriteProcessMemory был выполнен только частично. (0x12B)
[0126/203210.255:ERROR:process_memory_win.cc(73)] ReadMemory at 0x9b8b80 of 60 bytes failed: Запрос ReadProcessMemory или WriteProcessMemory был выполнен только частично. (0x12B)
[0126/203210.255:ERROR:process_memory_win.cc(73)] ReadMemory at 0x9b8bd0 of 64 bytes failed: Запрос ReadProcessMemory или WriteProcessMemory был выполнен только частично. (0x12B)
[0126/203210.255:ERROR:process_memory_win.cc(73)] ReadMemory at 0x9b8c20 of 60 bytes failed: Запрос ReadProcessMemory или WriteProcessMemory был выполнен только частично. (0x12B)
[0126/203210.255:ERROR:process_memory_win.cc(73)] ReadMemory at 0x9b8c70 of 58 bytes failed: Запрос ReadProcessMemory или WriteProcessMemory был выполнен только частично. (0x12B)
[0126/203210.256:ERROR:process_memory_win.cc(73)] ReadMemory at 0x9b8cc0 of 64 bytes failed: Запрос ReadProcessMemory или WriteProcessMemory был выполнен только частично. (0x12B)
[0126/203210.256:ERROR:process_memory_win.cc(73)] ReadMemory at 0x9b8d10 of 62 bytes failed: Запрос ReadProcessMemory или WriteProcessMemory был выполнен только частично. (0x12B)
[0126/203210.256:ERROR:process_memory_win.cc(73)] ReadMemory at 0x9b8d60 of 60 bytes failed: Запрос ReadProcessMemory или WriteProcessMemory был выполнен только частично. (0x12B)
[0126/203210.256:ERROR:process_memory_win.cc(73)] ReadMemory at 0x9b8db0 of 62 bytes failed: Запрос ReadProcessMemory или WriteProcessMemory был выполнен только частично. (0x12B)
[0126/203210.256:ERROR:process_memory_win.cc(73)] ReadMemory at 0x9b8e00 of 62 bytes failed: Запрос ReadProcessMemory или WriteProcessMemory был выполнен только частично. (0x12B)
[0126/203210.256:ERROR:process_memory_win.cc(73)] ReadMemory at 0x9b8e50 of 60 bytes failed: Запрос ReadProcessMemory или WriteProcessMemory был выполнен только частично. (0x12B)
[0126/203210.256:ERROR:process_memory_win.cc(73)] ReadMemory at 0x9b8ea0 of 64 bytes failed: Запрос ReadProcessMemory или WriteProcessMemory был выполнен только частично. (0x12B)
[0126/203210.256:ERROR:process_memory_win.cc(73)] ReadMemory at 0x9b8ef0 of 62 bytes failed: Запрос ReadProcessMemory или WriteProcessMemory был выполнен только частично. (0x12B)
[0126/203210.257:ERROR:process_memory_win.cc(73)] ReadMemory at 0x9b8f40 of 62 bytes failed: Запрос ReadProcessMemory или WriteProcessMemory был выполнен только частично. (0x12B)
[0126/203210.257:ERROR:process_memory_win.cc(73)] ReadMemory at 0x9b8f90 of 62 bytes failed: Запрос ReadProcessMemory или WriteProcessMemory был выполнен только частично. (0x12B)
[0126/203210.257:ERROR:process_memory_win.cc(73)] ReadMemory at 0x9b8fe0 of 62 bytes failed: Запрос ReadProcessMemory или WriteProcessMemory был выполнен только частично. (0x12B)
[0126/203210.257:ERROR:process_memory_win.cc(73)] ReadMemory at 0x9b9030 of 58 bytes failed: Запрос ReadProcessMemory или WriteProcessMemory был выполнен только частично. (0x12B)
[0126/203210.257:ERROR:process_memory_win.cc(73)] ReadMemory at 0x9b9080 of 64 bytes failed: Запрос ReadProcessMemory или WriteProcessMemory был выполнен только частично. (0x12B)
[0126/203210.257:ERROR:process_memory_win.cc(73)] ReadMemory at 0x9b9920 of 132 bytes failed: Запрос ReadProcessMemory или WriteProcessMemory был выполнен только частично. (0x12B)
[0126/203210.257:ERROR:process_memory_win.cc(73)] ReadMemory at 0x9bb2e0 of 54 bytes failed: Запрос ReadProcessMemory или WriteProcessMemory был выполнен только частично. (0x12B)
[0126/203210.257:ERROR:process_memory_win.cc(73)] ReadMemory at 0x9bcc90 of 132 bytes failed: Запрос ReadProcessMemory или WriteProcessMemory был выполнен только частично. (0x12B)
[0126/203210.257:ERROR:process_memory_win.cc(73)] ReadMemory at 0x9bcfe0 of 132 bytes failed: Запрос ReadProcessMemory или WriteProcessMemory был выполнен только частично. (0x12B)
[0126/203210.355:ERROR:process_memory_win.cc(73)] ReadMemory at 0x9bd0d0 of 132 bytes failed: Запрос ReadProcessMemory или WriteProcessMemory был выполнен только частично. (0x12B)
[0126/203210.355:ERROR:process_memory_win.cc(73)] ReadMemory at 0x9bd1c0 of 132 bytes failed: Запрос ReadProcessMemory или WriteProcessMemory был выполнен только частично. (0x12B)
[0126/203210.356:ERROR:process_memory_win.cc(73)] ReadMemory at 0x9bd2b0 of 132 bytes failed: Запрос ReadProcessMemory или WriteProcessMemory был выполнен только частично. (0x12B)
[0126/203210.356:ERROR:process_memory_win.cc(73)] ReadMemory at 0x9bd3a0 of 132 bytes failed: Запрос ReadProcessMemory или WriteProcessMemory был выполнен только частично. (0x12B)
[0126/203210.356:ERROR:process_memory_win.cc(73)] ReadMemory at 0x9bd490 of 132 bytes failed: Запрос ReadProcessMemory или WriteProcessMemory был выполнен только частично. (0x12B)
[0126/203210.356:ERROR:process_memory_win.cc(73)] ReadMemory at 0x9bd580 of 132 bytes failed: Запрос ReadProcessMemory или WriteProcessMemory был выполнен только частично. (0x12B)
[0126/203210.356:ERROR:process_memory_win.cc(73)] ReadMemory at 0x9bd670 of 132 bytes failed: Запрос ReadProcessMemory или WriteProcessMemory был выполнен только частично. (0x12B)
[0126/203210.356:ERROR:process_memory_win.cc(73)] ReadMemory at 0x9bd760 of 132 bytes failed: Запрос ReadProcessMemory или WriteProcessMemory был выполнен только частично. (0x12B)
[0126/203210.356:ERROR:process_memory_win.cc(73)] ReadMemory at 0x9bd850 of 132 bytes failed: Запрос ReadProcessMemory или WriteProcessMemory был выполнен только частично. (0x12B)
[0126/203210.357:ERROR:process_memory_win.cc(73)] ReadMemory at 0x9bd940 of 132 bytes failed: Запрос ReadProcessMemory или WriteProcessMemory был выполнен только частично. (0x12B)
[0126/203210.357:ERROR:process_memory_win.cc(73)] ReadMemory at 0x9bda30 of 132 bytes failed: Запрос ReadProcessMemory или WriteProcessMemory был выполнен только частично. (0x12B)
[0126/203210.357:ERROR:process_memory_win.cc(73)] ReadMemory at 0x9bdb20 of 132 bytes failed: Запрос ReadProcessMemory или WriteProcessMemory был выполнен только частично. (0x12B)
[0126/203210.357:ERROR:process_memory_win.cc(73)] ReadMemory at 0x9bdc10 of 132 bytes failed: Запрос ReadProcessMemory или WriteProcessMemory был выполнен только частично. (0x12B)
[0126/203210.357:ERROR:process_memory_win.cc(73)] ReadMemory at 0x9bdd00 of 132 bytes failed: Запрос ReadProcessMemory или WriteProcessMemory был выполнен только частично. (0x12B)
[0126/203210.357:ERROR:process_memory_win.cc(73)] ReadMemory at 0x9bddf0 of 132 bytes failed: Запрос ReadProcessMemory или WriteProcessMemory был выполнен только частично. (0x12B)
[0126/203210.357:ERROR:process_memory_win.cc(73)] ReadMemory at 0x9bdee0 of 132 bytes failed: Запрос ReadProcessMemory или WriteProcessMemory был выполнен только частично. (0x12B)
[0126/203210.357:ERROR:process_memory_win.cc(73)] ReadMemory at 0x9bdfd0 of 132 bytes failed: Запрос ReadProcessMemory или WriteProcessMemory был выполнен только частично. (0x12B)
[0126/203210.357:ERROR:process_memory_win.cc(73)] ReadMemory at 0x9be0c0 of 132 bytes failed: Запрос ReadProcessMemory или WriteProcessMemory был выполнен только частично. (0x12B)
[0126/203210.369:ERROR:process_memory_win.cc(73)] ReadMemory at 0x9be1b0 of 132 bytes failed: Запрос ReadProcessMemory или WriteProcessMemory был выполнен только частично. (0x12B)
[0126/203210.369:ERROR:process_memory_win.cc(73)] ReadMemory at 0x9be2a0 of 132 bytes failed: Запрос ReadProcessMemory или WriteProcessMemory был выполнен только частично. (0x12B)
[0126/203210.370:ERROR:process_memory_win.cc(73)] ReadMemory at 0x9be390 of 132 bytes failed: Запрос ReadProcessMemory или WriteProcessMemory был выполнен только частично. (0x12B)
[0126/203210.370:ERROR:process_memory_win.cc(73)] ReadMemory at 0x9be480 of 132 bytes failed: Запрос ReadProcessMemory или WriteProcessMemory был выполнен только частично. (0x12B)
[0126/203210.370:ERROR:process_memory_win.cc(73)] ReadMemory at 0x9be570 of 132 bytes failed: Запрос ReadProcessMemory или WriteProcessMemory был выполнен только частично. (0x12B)
[0126/203210.370:ERROR:process_memory_win.cc(73)] ReadMemory at 0x9c0240 of 158 bytes failed: Запрос ReadProcessMemory или WriteProcessMemory был выполнен только частично. (0x12B)
[0126/203210.370:ERROR:process_memory_win.cc(73)] ReadMemory at 0x9cc3b0 of 66 bytes failed: Запрос ReadProcessMemory или WriteProcessMemory был выполнен только частично. (0x12B)
[0126/203210.370:ERROR:process_memory_win.cc(73)] ReadMemory at 0x9d6c60 of 512 bytes failed: Запрос ReadProcessMemory или WriteProcessMemory был выполнен только частично. (0x12B)
[0126/203210.370:ERROR:process_memory_win.cc(73)] ReadMemory at 0x9d70c0 of 512 bytes failed: Запрос ReadProcessMemory или WriteProcessMemory был выполнен только частично. (0x12B)
[0126/203210.371:ERROR:process_memory_win.cc(73)] ReadMemory at 0xb96df8 of 512 bytes failed: Запрос ReadProcessMemory или WriteProcessMemory был выполнен только частично. (0x12B)
[0126/203210.371:ERROR:process_memory_win.cc(73)] ReadMemory at 0xcd46b0 of 512 bytes failed: Запрос ReadProcessMemory или WriteProcessMemory был выполнен только частично. (0x12B)
[0126/203210.371:ERROR:process_memory_win.cc(73)] ReadMemory at 0xd890b0 of 512 bytes failed: Запрос ReadProcessMemory или WriteProcessMemory был выполнен только частично. (0x12B)
[0126/203210.371:ERROR:process_memory_win.cc(73)] ReadMemory at 0x14200d8 of 512 bytes failed: Запрос ReadProcessMemory или WriteProcessMemory был выполнен только частично. (0x12B)
[0126/203210.371:ERROR:process_memory_win.cc(73)] ReadMemory at 0x1426a00 of 512 bytes failed: Запрос ReadProcessMemory или WriteProcessMemory был выполнен только частично. (0x12B)
[0126/203210.371:ERROR:process_memory_win.cc(73)] ReadMemory at 0x2e54450 of 608 bytes failed: Запрос ReadProcessMemory или WriteProcessMemory был выполнен только частично. (0x12B)
[0126/203210.371:ERROR:process_memory_win.cc(73)] ReadMemory at 0x2e549f0 of 512 bytes failed: Запрос ReadProcessMemory или WriteProcessMemory был выполнен только частично. (0x12B)
[0126/203210.372:ERROR:process_memory_win.cc(73)] ReadMemory at 0x2e5b070 of 512 bytes failed: Запрос ReadProcessMemory или WriteProcessMemory был выполнен только частично. (0x12B)
[0126/203210.372:ERROR:process_memory_win.cc(73)] ReadMemory at 0x2e72fc0 of 512 bytes failed: Запрос ReadProcessMemory или WriteProcessMemory был выполнен только частично. (0x12B)
[0126/203210.372:ERROR:process_memory_win.cc(73)] ReadMemory at 0x2e74950 of 512 bytes failed: Запрос ReadProcessMemory или WriteProcessMemory был выполнен только частично. (0x12B)
[0126/203210.372:ERROR:process_memory_win.cc(73)] ReadMemory at 0x2e75190 of 512 bytes failed: Запрос ReadProcessMemory или WriteProcessMemory был выполнен только частично. (0x12B)
[0126/203210.372:ERROR:process_memory_win.cc(73)] ReadMemory at 0x2e75900 of 528 bytes failed: Запрос ReadProcessMemory или WriteProcessMemory был выполнен только частично. (0x12B)
[0126/203210.372:ERROR:process_memory_win.cc(73)] ReadMemory at 0x2e75dc0 of 512 bytes failed: Запрос ReadProcessMemory или WriteProcessMemory был выполнен только частично. (0x12B)
[0126/203210.422:ERROR:process_memory_win.cc(73)] ReadMemory at 0x2e800a0 of 712 bytes failed: Запрос ReadProcessMemory или WriteProcessMemory был выполнен только частично. (0x12B)
[0126/203210.422:ERROR:process_memory_win.cc(73)] ReadMemory at 0x2e81c88 of 512 bytes failed: Запрос ReadProcessMemory или WriteProcessMemory был выполнен только частично. (0x12B)
[0126/203210.422:ERROR:process_memory_win.cc(73)] ReadMemory at 0x2e99960 of 512 bytes failed: Запрос ReadProcessMemory или WriteProcessMemory был выполнен только частично. (0x12B)
[0126/203210.422:ERROR:process_memory_win.cc(73)] ReadMemory at 0x2f4ac80 of 512 bytes failed: Запрос ReadProcessMemory или WriteProcessMemory был выполнен только частично. (0x12B)
[0126/203210.441:ERROR:process_memory_win.cc(73)] ReadMemory at 0x772e640 of 672 bytes failed: Запрос ReadProcessMemory или WriteProcessMemory был выполнен только частично. (0x12B)
[0126/203210.442:ERROR:process_memory_win.cc(73)] ReadMemory at 0x776a180 of 512 bytes failed: Запрос ReadProcessMemory или WriteProcessMemory был выполнен только частично. (0x12B)
[0126/203210.442:ERROR:process_memory_win.cc(73)] ReadMemory at 0x7866380 of 512 bytes failed: Запрос ReadProcessMemory или WriteProcessMemory был выполнен только частично. (0x12B)
[0126/203210.442:ERROR:process_memory_win.cc(73)] ReadMemory at 0x832ac90 of 544 bytes failed: Запрос ReadProcessMemory или WriteProcessMemory был выполнен только частично. (0x12B)
[0126/203210.442:ERROR:process_memory_win.cc(73)] ReadMemory at 0x842edb0 of 512 bytes failed: Запрос ReadProcessMemory или WriteProcessMemory был выполнен только частично. (0x12B)
[0126/203210.442:ERROR:process_memory_win.cc(73)] ReadMemory at 0x8432fa0 of 523 bytes failed: Запрос ReadProcessMemory или WriteProcessMemory был выполнен только частично. (0x12B)
[0126/203210.442:ERROR:process_memory_win.cc(73)] ReadMemory at 0xc861cfe of 513 bytes failed: Запрос ReadProcessMemory или WriteProcessMemory был выполнен только частично. (0x12B)
[0126/203210.442:ERROR:process_memory_win.cc(73)] ReadMemory at 0xdbbedf8 of 512 bytes failed: Запрос ReadProcessMemory или WriteProcessMemory был выполнен только частично. (0x12B)
[0126/203210.443:ERROR:process_memory_win.cc(73)] ReadMemory at 0x77b2ae70 of 512 bytes failed: Запрос ReadProcessMemory или WriteProcessMemory был выполнен только частично. (0x12B)
[0126/203210.443:ERROR:process_memory_win.cc(73)] ReadMemory at 0x77b2fb70 of 512 bytes failed: Запрос ReadProcessMemory или WriteProcessMemory был выполнен только частично. (0x12B)
[0126/203210.707:ERROR:process_memory_win.cc(73)] ReadMemory at 0x77b6127a of 592 bytes failed: Запрос ReadProcessMemory или WriteProcessMemory был выполнен только частично. (0x12B)
[0126/203210.707:ERROR:process_memory_win.cc(73)] ReadMemory at 0x77b617ea of 512 bytes failed: Запрос ReadProcessMemory или WriteProcessMemory был выполнен только частично. (0x12B)
[0126/203210.708:ERROR:process_memory_win.cc(73)] ReadMemory at 0x77b62b2a of 528 bytes failed: Запрос ReadProcessMemory или WriteProcessMemory был выполнен только частично. (0x12B)
[0126/203210.724:ERROR:process_memory_win.cc(73)] ReadMemory at 0x77c14460 of 816 bytes failed: Запрос ReadProcessMemory или WriteProcessMemory был выполнен только частично. (0x12B)
[0126/203210.725:ERROR:process_memory_win.cc(73)] ReadMemory at 0x77c25418 of 18 bytes failed: Запрос ReadProcessMemory или WriteProcessMemory был выполнен только частично. (0x12B)
[0126/203210.725:ERROR:process_memory_win.cc(73)] ReadMemory at 0x77c42640 of 64 bytes failed: Запрос ReadProcessMemory или WriteProcessMemory был выполнен только частично. (0x12B)
[0126/203210.725:ERROR:process_memory_win.cc(73)] ReadMemory at 0x77c47100 of 48 bytes failed: Запрос ReadProcessMemory или WriteProcessMemory был выполнен только частично. (0x12B)
[0126/203210.725:ERROR:process_memory_win.cc(73)] ReadMemory at 0x77c47490 of 40 bytes failed: Запрос ReadProcessMemory или WriteProcessMemory был выполнен только частично. (0x12B)
[0126/203210.787:ERROR:process_memory_win.cc(73)] ReadMemory at 0x1a8eed191a7 of 512 bytes failed: Запрос ReadProcessMemory или WriteProcessMemory был выполнен только частично. (0x12B)
[0126/203210.911:ERROR:process_memory_win.cc(73)] ReadMemory at 0x36b7b4f00d9 of 512 bytes failed: Запрос ReadProcessMemory или WriteProcessMemory был выполнен только частично. (0x12B)
[0126/203210.911:ERROR:process_memory_win.cc(73)] ReadMemory at 0x56225b40461 of 512 bytes failed: Запрос ReadProcessMemory или WriteProcessMemory был выполнен только частично. (0x12B)
[0126/203210.911:ERROR:process_memory_win.cc(73)] ReadMemory at 0x58463f6e480 of 512 bytes failed: Запрос ReadProcessMemory или WriteProcessMemory был выполнен только частично. (0x12B)
[0126/203210.911:ERROR:process_memory_win.cc(73)] ReadMemory at 0x58463f7ff81 of 127 bytes failed: Запрос ReadProcessMemory или WriteProcessMemory был выполнен только частично. (0x12B)
[0126/203210.912:ERROR:process_memory_win.cc(73)] ReadMemory at 0x5ef91785910 of 512 bytes failed: Запрос ReadProcessMemory или WriteProcessMemory был выполнен только частично. (0x12B)
[0126/203210.922:ERROR:process_memory_win.cc(73)] ReadMemory at 0x6849795a241 of 512 bytes failed: Запрос ReadProcessMemory или WriteProcessMemory был выполнен только частично. (0x12B)
[0126/203210.922:ERROR:process_memory_win.cc(73)] ReadMemory at 0x7f065580000 of 384 bytes failed: Запрос ReadProcessMemory или WriteProcessMemory был выполнен только частично. (0x12B)
[0126/203210.923:ERROR:process_memory_win.cc(73)] ReadMemory at 0x7fed50b2936 of 512 bytes failed: Запрос ReadProcessMemory или WriteProcessMemory был выполнен только частично. (0x12B)
[0126/203210.923:ERROR:process_memory_win.cc(73)] ReadMemory at 0x7fed56f6640 of 512 bytes failed: Запрос ReadProcessMemory или WriteProcessMemory был выполнен только частично. (0x12B)
[0126/203210.923:ERROR:process_memory_win.cc(73)] ReadMemory at 0x7fed56f687a of 512 bytes failed: Запрос ReadProcessMemory или WriteProcessMemory был выполнен только частично. (0x12B)
[0126/203210.923:ERROR:process_memory_win.cc(73)] ReadMemory at 0x7fed66d9ab6 of 512 bytes failed: Запрос ReadProcessMemory или WriteProcessMemory был выполнен только частично. (0x12B)
[0126/203210.923:ERROR:process_memory_win.cc(73)] ReadMemory at 0x7fed6b6f0ec of 512 bytes failed: Запрос ReadProcessMemory или WriteProcessMemory был выполнен только частично. (0x12B)
[0126/203210.923:ERROR:process_memory_win.cc(73)] ReadMemory at 0x7fed953b970 of 512 bytes failed: Запрос ReadProcessMemory или WriteProcessMemory был выполнен только частично. (0x12B)
[0126/203210.923:ERROR:process_memory_win.cc(73)] ReadMemory at 0x7fedeb07bc3 of 512 bytes failed: Запрос ReadProcessMemory или WriteProcessMemory был выполнен только частично. (0x12B)
[0126/203210.924:ERROR:process_memory_win.cc(73)] ReadMemory at 0x7fedeb083ba of 512 bytes failed: Запрос ReadProcessMemory или WriteProcessMemory был выполнен только частично. (0x12B)
[0126/203210.924:ERROR:process_memory_win.cc(73)] ReadMemory at 0x7fef4e8ecc0 of 512 bytes failed: Запрос ReadProcessMemory или WriteProcessMemory был выполнен только частично. (0x12B)
[0126/203210.924:ERROR:process_memory_win.cc(73)] ReadMemory at 0x7fffff9c000 of 6024 bytes failed: Запрос ReadProcessMemory или WriteProcessMemory был выполнен только частично. (0x12B)
[0126/203210.924:ERROR:process_memory_win.cc(73)] ReadMemory at 0x7fffff9e000 of 6024 bytes failed: Запрос ReadProcessMemory или WriteProcessMemory был выполнен только частично. (0x12B)
[0126/203210.924:ERROR:process_memory_win.cc(73)] ReadMemory at 0x7fffffa0000 of 6024 bytes failed: Запрос ReadProcessMemory или WriteProcessMemory был выполнен только частично. (0x12B)
[0126/203210.925:ERROR:process_memory_win.cc(73)] ReadMemory at 0x7fffffa2000 of 6024 bytes failed: Запрос ReadProcessMemory или WriteProcessMemory был выполнен только частично. (0x12B)
[0126/203210.925:ERROR:process_memory_win.cc(73)] ReadMemory at 0x7fffffa4000 of 6024 bytes failed: Запрос ReadProcessMemory или WriteProcessMemory был выполнен только частично. (0x12B)
[0126/203210.925:ERROR:process_memory_win.cc(73)] ReadMemory at 0x7fffffa6000 of 6024 bytes failed: Запрос ReadProcessMemory или WriteProcessMemory был выполнен только частично. (0x12B)
[0126/203210.925:ERROR:process_memory_win.cc(73)] ReadMemory at 0x7fffffa8000 of 6024 bytes failed: Запрос ReadProcessMemory или WriteProcessMemory был выполнен только частично. (0x12B)
[0126/203210.925:ERROR:process_memory_win.cc(73)] ReadMemory at 0x7fffffaa000 of 6024 bytes failed: Запрос ReadProcessMemory или WriteProcessMemory был выполнен только частично. (0x12B)
[0126/203210.926:ERROR:process_memory_win.cc(73)] ReadMemory at 0x7fffffac000 of 6024 bytes failed: Запрос ReadProcessMemory или WriteProcessMemory был выполнен только частично. (0x12B)
[0126/203210.926:ERROR:process_memory_win.cc(73)] ReadMemory at 0x7fffffae000 of 6024 bytes failed: Запрос ReadProcessMemory или WriteProcessMemory был выполнен только частично. (0x12B)
[0126/203210.926:ERROR:process_memory_win.cc(73)] ReadMemory at 0x7fffffd3000 of 6024 bytes failed: Запрос ReadProcessMemory или WriteProcessMemory был выполнен только частично. (0x12B)
[0126/203210.927:ERROR:process_memory_win.cc(73)] ReadMemory at 0x7fffffd5000 of 6024 bytes failed: Запрос ReadProcessMemory или WriteProcessMemory был выполнен только частично. (0x12B)
[0126/203210.927:ERROR:process_memory_win.cc(73)] ReadMemory at 0x7fffffd7000 of 6024 bytes failed: Запрос ReadProcessMemory или WriteProcessMemory был выполнен только частично. (0x12B)
[0126/203210.927:ERROR:process_memory_win.cc(73)] ReadMemory at 0x7fffffd9000 of 6024 bytes failed: Запрос ReadProcessMemory или WriteProcessMemory был выполнен только частично. (0x12B)
[0126/203210.927:ERROR:process_memory_win.cc(73)] ReadMemory at 0x7fffffdb000 of 6024 bytes failed: Запрос ReadProcessMemory или WriteProcessMemory был выполнен только частично. (0x12B)
[0126/203210.928:ERROR:process_memory_win.cc(73)] ReadMemory at 0x7fffffdd000 of 6024 bytes failed: Запрос ReadProcessMemory или WriteProcessMemory был выполнен только частично. (0x12B)
[0126/203210.928:ERROR:process_memory_win.cc(73)] ReadMemory at 0x7fffffdf000 of 852 bytes failed: Запрос ReadProcessMemory или WriteProcessMemory был выполнен только частично. (0x12B)
[0126/203210.935:ERROR:scoped_process_suspend.cc(40)] NtResumeProcess: Попытка доступа к процессу, выполняющему процедуру завершения. (0xc000010a)
